**** Exeuting Program ***
Jetson Distance:0 Offset:0 Angle:0 Sensors dist: 8190, 8190, 8190, 8190
Jetson Distance:0 Offset:0 Angle:0 Sensors dist: 8190, 8190, 8190, 8190
Jetson Distance:0 Offset:0 Angle:0 Sensors dist: 8190, 8190, 8190, 8190
Jetson Distance:0 Offset:0 Angle:0 Sensors dist: 8190, 8190, 8190, 8190
Jetson Distance:0 Offset:0 Angle:0 Sensors dist: 8190, 8190, 8190, 8190

Jetson Distance:0 Offset:0 Angle:0 Sensors dist: 8190, 8190, 8190, 8190
Jetson Distance:0 Offset:0 Angle:0 Sensors dist: 8190, 8190, 8190, 8190
Jetson Distance:0 Offset:0 Angle:0 Sensors dist: 8190, 8190, 8190, 8190

Jetson Distance:0 Offset:0 Angle:0 Sensors dist: 8190, 8190, 8190, 8190
Jetson Distance:0 Offset:0 Angle:0 Sensors dist: 8190, 8190, 8190, 8190
Jetson Distance:0 Offset:0 Angle:0 Sensors dist: 8190, 8190, 8190, 8190
Teensy:1666418150,  b'0\r\n\n\r\n0\r\n\n'
Jetson Distance:0 Offset:0 Angle:0 Sensors dist: 8190, 8190, 8190, 8190
Jetson Distance:0 Offset:0 Angle:0 Sensors dist: 8190, 8190, 8190, 8190
Jetson Distance:0 Offset:0 Angle:0 Sensors dist: 8190, 8190, 8190, 8190
Teensy:1666418151,  b'\r\n0\r\n\n\r\n0\r'
Jetson Distance:0 Offset:0 Angle:0 Sensors dist: 8190, 8190, 8190, 8190
Jetson Distance:0 Offset:0 Angle:0 Sensors dist: 8190, 8190, 8190, 8190
Jetson Distance:0 Offset:0 Angle:0 Sensors dist: 8190, 8190, 8190, 8190
Jetson Distance:0 Offset:0 Angle:0 Sensors dist: 8190, 8190, 8190, 8190
Teensy:1666418151,  b'\n\n\r\n0\r\n\n\r\n'
Jetson Distance:0 Offset:0 Angle:0 Sensors dist: 8190, 8190, 8190, 8190
Jetson Distance:0 Offset:0 Angle:0 Sensors dist: 8190, 8190, 8190, 8190
Teensy:1666418151,  b'0\r\n\n\r\n0\r\n\n'
Jetson Distance:0 Offset:0 Angle:0 Sensors dist: 8190, 8190, 8190, 8190
Jetson Distance:0 Offset:0 Angle:0 Sensors dist: 8190, 8190, 8190, 8190
Jetson Distance:0 Offset:0 Angle:0 Sensors dist: 8190, 8190, 8190, 8190
Jetson Distance:0 Offset:0 Angle:0 Sensors dist: 8190, 8190, 8190, 8190
Teensy:1666418151,  b'\r\n0\r\n\n\r\n0\r'
Jetson Distance:0 Offset:0 Angle:0 Sensors dist: 8190, 8190, 8190, 8190
Jetson Distance:0 Offset:0 Angle:0 Sensors dist: 8190, 8190, 8190, 8190
Jetson Distance:0 Offset:0 Angle:0 Sensors dist: 8190, 8190, 8190, 8190
Jetson Distance:0 Offset:0 Angle:0 Sensors dist: 8190, 8190, 8190, 8190
Teensy:1666418151,  b'\n\n\r\n0\r\n\n\r\n'
Jetson Distance:0 Offset:0 Angle:0 Sensors dist: 8190, 8190, 8190, 8190
Jetson Distance:0 Offset:0 Angle:0 Sensors dist: 8190, 8190, 8190, 8190
Teensy:1666418152,  b'0\r\n\n\r\n0\r\n\n'
Jetson Distance:0 Offset:0 Angle:0 Sensors dist: 8190, 8190, 8190, 8190
Jetson Distance:0 Offset:0 Angle:0 Sensors dist: 8190, 8190, 8190, 8190
Jetson Distance:0 Offset:0 Angle:0 Sensors dist: 8190, 8190, 8190, 8190
Jetson Distance:0 Offset:0 Angle:0 Sensors dist: 8190, 8190, 8190, 8190
Teensy:1666418152,  b'\r\n0\r\n\n\r\n0\r'
Jetson Distance:0 Offset:0 Angle:0 Sensors dist: 8190, 8190, 8190, 8190
Jetson Distance:0 Offset:0 Angle:0 Sensors dist: 8190, 8190, 8190, 8190
Jetson Distance:0 Offset:0 Angle:0 Sensors dist: 8190, 8190, 8190, 8190
Jetson Distance:0 Offset:0 Angle:0 Sensors dist: 8190, 8190, 8190, 8190
Teensy:1666418152,  b'\n\n\r\n0\r\n\n\r\n'
Jetson Distance:0 Offset:0 Angle:0 Sensors dist: 8190, 8190, 8190, 8190
Jetson Distance:0 Offset:0 Angle:0 Sensors dist: 8190, 8190, 8190, 8190
Teensy:1666418152,  b'0\r\n\n\r\n0\r\n\n'
Jetson Distance:0 Offset:0 Angle:0 Sensors dist: 8190, 8190, 8190, 8190
Jetson Distance:0 Offset:0 Angle:0 Sensors dist: 8190, 8190, 8190, 8190
Jetson Distance:0 Offset:0 Angle:0 Sensors dist: 8190, 8190, 8190, 8190
Jetson Distance:0 Offset:0 Angle:0 Sensors dist: 8190, 8190, 8190, 8190

Jetson Distance:0 Offset:0 Angle:0 Sensors dist: 8190, 8190, 8190, 8190
Jetson Distance:0 Offset:0 Angle:0 Sensors dist: 8190, 8190, 8190, 8190
Jetson Distance:0 Offset:0 Angle:0 Sensors dist: 8190, 8190, 8190, 8190

Jetson Distance:0 Offset:0 Angle:0 Sensors dist: 8190, 8190, 8190, 8190
Jetson Distance:0 Offset:0 Angle:0 Sensors dist: 8190, 8190, 8190, 8190
Teensy:1666418153,  b'0\r\n\n\r\n0\r\n\n'
Jetson Distance:0 Offset:0 Angle:0 Sensors dist: 8190, 8190, 8190, 8190
Jetson Distance:0 Offset:0 Angle:0 Sensors dist: 8190, 8190, 8190, 8190
Jetson Distance:0 Offset:0 Angle:0 Sensors dist: 8190, 8190, 8190, 8190
Jetson Distance:0 Offset:0 Angle:0 Sensors dist: 8190, 8190, 8190, 8190
Teensy:1666418153,  b'\r\n0\r\n\n\r\n0\r'
Jetson Distance:0 Offset:0 Angle:0 Sensors dist: 8190, 8190, 8190, 8190
Jetson Distance:0 Offset:0 Angle:0 Sensors dist: 8190, 8190, 8190, 8190
Jetson Distance:0 Offset:0 Angle:0 Sensors dist: 8190, 8190, 8190, 8190
Jetson Distance:0 Offset:0 Angle:0 Sensors dist: 8190, 8190, 8190, 8190
Teensy:1666418153,  b'\n\n\r\n0\r\n\n\r\n'
Jetson Distance:0 Offset:0 Angle:0 Sensors dist: 8190, 8190, 8190, 8190
Jetson Distance:0 Offset:0 Angle:0 Sensors dist: 8190, 8190, 8190, 8190
Teensy:1666418153,  b'0\r\n\n\r\n0\r\n\n'
Jetson Distance:0 Offset:0 Angle:0 Sensors dist: 8190, 8190, 8190, 8190
Jetson Distance:0 Offset:0 Angle:0 Sensors dist: 8190, 8190, 8190, 8190
Jetson Distance:0 Offset:0 Angle:0 Sensors dist: 8190, 8190, 8190, 8190
Jetson Distance:0 Offset:0 Angle:0 Sensors dist: 8190, 8190, 8190, 8190
Teensy:1666418154,  b'\r\n0\r\n\n\r\n0\r'
Jetson Distance:0 Offset:0 Angle:0 Sensors dist: 8190, 8190, 8190, 8190
Jetson Distance:0 Offset:0 Angle:0 Sensors dist: 8190, 8190, 8190, 8190
Jetson Distance:0 Offset:0 Angle:0 Sensors dist: 8190, 8190, 8190, 8190
Jetson Distance:0 Offset:0 Angle:0 Sensors dist: 8190, 8190, 8190, 8190
Teensy:1666418154,  b'\n\n\r\n0\r\n\n\r\n'
Jetson Distance:0 Offset:0 Angle:0 Sensors dist: 8190, 8190, 8190, 8190
Jetson Distance:0 Offset:0 Angle:0 Sensors dist: 8190, 8190, 8190, 8190
Teensy:1666418154,  b'0\r\n\n\r\n0\r\n\n'
Jetson Distance:0 Offset:0 Angle:0 Sensors dist: 8190, 8190, 8190, 8190
Jetson Distance:0 Offset:0 Angle:0 Sensors dist: 8190, 8190, 8190, 8190
Jetson Distance:0 Offset:0 Angle:0 Sensors dist: 8190, 8190, 8190, 8190
Jetson Distance:0 Offset:0 Angle:0 Sensors dist: 8190, 8190, 8190, 8190
Teensy:1666418154,  b'\r\n0\r\n\n\r\n0\r'
Jetson Distance:0 Offset:0 Angle:0 Sensors dist: 8190, 8190, 8190, 8190
Jetson Distance:0 Offset:0 Angle:0 Sensors dist: 8190, 8190, 8190, 8190
Jetson Distance:0 Offset:0 Angle:0 Sensors dist: 8190, 8190, 8190, 8190
Teensy:1666418155,  b'\n\n\r\n0\r\n\n\r\n'
Jetson Distance:0 Offset:0 Angle:0 Sensors dist: 8190, 8190, 8190, 8190
Jetson Distance:0 Offset:0 Angle:0 Sensors dist: 8190, 8190, 8190, 8190
Teensy:1666418155,  b'0\r\n\n\r\n0\r\n\n'
Jetson Distance:0 Offset:0 Angle:0 Sensors dist: 8190, 8190, 8190, 8190
Jetson Distance:0 Offset:0 Angle:0 Sensors dist: 8190, 8190, 8190, 8190
Jetson Distance:0 Offset:0 Angle:0 Sensors dist: 8190, 8190, 8190, 8190
Jetson Distance:0 Offset:0 Angle:0 Sensors dist: 8190, 8190, 8190, 8190

Jetson Distance:0 Offset:0 Angle:0 Sensors dist: 8190, 8190, 8190, 8190
Jetson Distance:0 Offset:0 Angle:0 Sensors dist: 8190, 8190, 8190, 8190
Jetson Distance:0 Offset:0 Angle:0 Sensors dist: 8190, 8190, 8190, 8190
Jetson Distance:0 Offset:0 Angle:0 Sensors dist: 8190, 8190, 8190, 8190

Jetson Distance:0 Offset:0 Angle:0 Sensors dist: 8190, 8190, 8190, 8190
Jetson Distance:0 Offset:0 Angle:0 Sensors dist: 8190, 8190, 8190, 8190
Teensy:1666418155,  b'0\r\n\n\r\n0\r\n\n'
Jetson Distance:0 Offset:0 Angle:0 Sensors dist: 8190, 8190, 8190, 8190
Jetson Distance:0 Offset:0 Angle:0 Sensors dist: 8190, 8190, 8190, 8190
Jetson Distance:0 Offset:0 Angle:0 Sensors dist: 8190, 8190, 8190, 8190
Jetson Distance:0 Offset:0 Angle:0 Sensors dist: 8190, 8190, 8190, 8190
Teensy:1666418156,  b'\r\n0\r\n\n\r\n0\r'
Jetson Distance:0 Offset:0 Angle:0 Sensors dist: 8190, 8190, 8190, 8190
Jetson Distance:0 Offset:0 Angle:0 Sensors dist: 8190, 8190, 8190, 8190
Jetson Distance:0 Offset:0 Angle:0 Sensors dist: 8190, 8190, 8190, 8190
Jetson Distance:0 Offset:0 Angle:0 Sensors dist: 8190, 8190, 8190, 8190
Teensy:1666418156,  b'\n\n\r\n0\r\n\n\r\n'
Jetson Distance:0 Offset:0 Angle:0 Sensors dist: 8190, 8190, 8190, 8190
Jetson Distance:0 Offset:0 Angle:0 Sensors dist: 8190, 8190, 8190, 8190
Teensy:1666418156,  b'0\r\n\n\r\n0\r\n\n'
Jetson Distance:0 Offset:0 Angle:0 Sensors dist: 8190, 8190, 8190, 8190
Jetson Distance:0 Offset:0 Angle:0 Sensors dist: 8190, 8190, 8190, 8190
Jetson Distance:0 Offset:0 Angle:0 Sensors dist: 8190, 8190, 8190, 8190
Jetson Distance:0 Offset:0 Angle:0 Sensors dist: 8190, 8190, 8190, 8190
Teensy:1666418156,  b'\r\n0\r\n\n\r\n0\r'
Jetson Distance:0 Offset:0 Angle:0 Sensors dist: 8190, 8190, 8190, 8190
Jetson Distance:0 Offset:0 Angle:0 Sensors dist: 8190, 8190, 8190, 8190
Jetson Distance:0 Offset:0 Angle:0 Sensors dist: 8190, 8190, 8190, 8190
Jetson Distance:0 Offset:0 Angle:0 Sensors dist: 8190, 8190, 8190, 8190
Teensy:1666418156,  b'\n\n\r\n0\r\n\n\r\n'
Jetson Distance:0 Offset:0 Angle:0 Sensors dist: 8190, 8190, 8190, 8190
Jetson Distance:0 Offset:0 Angle:0 Sensors dist: 8190, 8190, 8190, 8190
Teensy:1666418157,  b'0\r\n\n\r\n0\r\n\n'
Jetson Distance:0 Offset:0 Angle:0 Sensors dist: 8190, 8190, 8190, 8190
Jetson Distance:0 Offset:0 Angle:0 Sensors dist: 8190, 8190, 8190, 8190
Jetson Distance:0 Offset:0 Angle:0 Sensors dist: 8190, 8190, 8190, 8190
Jetson Distance:0 Offset:0 Angle:0 Sensors dist: 8190, 8190, 8190, 8190
Teensy:1666418157,  b'\r\n0\r\n\n\r\n0\r'
Jetson Distance:0 Offset:0 Angle:0 Sensors dist: 8190, 8190, 8190, 8190
Jetson Distance:0 Offset:0 Angle:0 Sensors dist: 8190, 8190, 8190, 8190
Jetson Distance:0 Offset:0 Angle:0 Sensors dist: 8190, 8190, 8190, 8190
Jetson Distance:0 Offset:0 Angle:0 Sensors dist: 8190, 8190, 8190, 8190
Teensy:1666418157,  b'\n\n\r\n0\r\n\n\r\n'
Jetson Distance:0 Offset:0 Angle:0 Sensors dist: 8190, 8190, 8190, 8190
Jetson Distance:0 Offset:0 Angle:0 Sensors dist: 8190, 8190, 8190, 8190
Teensy:1666418157,  b'0\r\n\n\r\n0\r\n\n'
Jetson Distance:0 Offset:0 Angle:0 Sensors dist: 8190, 8190, 8190, 8190
Jetson Distance:0 Offset:0 Angle:0 Sensors dist: 8190, 8190, 8190, 8190
Jetson Distance:0 Offset:0 Angle:0 Sensors dist: 8190, 8190, 8190, 8190

Jetson Distance:0 Offset:0 Angle:0 Sensors dist: 8190, 8190, 8190, 8190
Jetson Distance:0 Offset:0 Angle:0 Sensors dist: 8190, 8190, 8190, 8190
Jetson Distance:0 Offset:0 Angle:0 Sensors dist: 8190, 8190, 8190, 8190
Jetson Distance:0 Offset:0 Angle:0 Sensors dist: 8190, 8190, 8190, 8190

Jetson Distance:0 Offset:0 Angle:0 Sensors dist: 8190, 8190, 8190, 8190
Jetson Distance:0 Offset:0 Angle:0 Sensors dist: 8190, 8190, 8190, 8190
Teensy:1666418158,  b'0\r\n\n\r\n0\r\n\n'
Jetson Distance:0 Offset:0 Angle:0 Sensors dist: 8190, 8190, 8190, 8190
Jetson Distance:0 Offset:0 Angle:0 Sensors dist: 8190, 8190, 8190, 8190
Jetson Distance:0 Offset:0 Angle:0 Sensors dist: 8190, 8190, 8190, 8190
Jetson Distance:0 Offset:0 Angle:0 Sensors dist: 8190, 8190, 8190, 8190
Teensy:1666418158,  b'\r\n0\r\n\n\r\n0\r'
Jetson Distance:0 Offset:0 Angle:0 Sensors dist: 8190, 8190, 8190, 8190
Jetson Distance:0 Offset:0 Angle:0 Sensors dist: 8190, 8190, 8190, 8190
Jetson Distance:0 Offset:0 Angle:0 Sensors dist: 8190, 8190, 8190, 8190
Jetson Distance:0 Offset:0 Angle:0 Sensors dist: 8190, 8190, 8190, 8190
Teensy:1666418158,  b'\n\n\r\n0\r\n\n\r\n'
Jetson Distance:0 Offset:0 Angle:0 Sensors dist: 8190, 8190, 8190, 8190
Jetson Distance:0 Offset:0 Angle:0 Sensors dist: 8190, 8190, 8190, 8190
Jetson Distance:0 Offset:0 Angle:0 Sensors dist: 8190, 8190, 8190, 8190
Teensy:1666418159,  b'0\r\n\n\r\n0\r\n\n'
Jetson Distance:0 Offset:0 Angle:0 Sensors dist: 8190, 8190, 8190, 8190
Jetson Distance:0 Offset:0 Angle:0 Sensors dist: 8190, 8190, 8190, 8190
Jetson Distance:0 Offset:0 Angle:0 Sensors dist: 8190, 8190, 8190, 8190
Jetson Distance:0 Offset:0 Angle:0 Sensors dist: 8190, 8190, 8190, 8190
Teensy:1666418159,  b'\r\n0\r\n\n\r\n0\r'
Jetson Distance:0 Offset:0 Angle:0 Sensors dist: 8190, 8190, 8190, 8190
Jetson Distance:0 Offset:0 Angle:0 Sensors dist: 8190, 8190, 8190, 8190
Jetson Distance:0 Offset:0 Angle:0 Sensors dist: 8190, 8190, 8190, 8190
Jetson Distance:0 Offset:0 Angle:0 Sensors dist: 8190, 8190, 8190, 8190
Teensy:1666418159,  b'\n\n\r\n0\r\n\n\r\n'
Jetson Distance:0 Offset:0 Angle:0 Sensors dist: 8190, 8190, 8190, 8190
Teensy:1666418159,  b'0\r\n\n\r\n0\r\n\n'
Jetson Distance:0 Offset:0 Angle:0 Sensors dist: 8190, 8190, 8190, 8190
Jetson Distance:0 Offset:0 Angle:0 Sensors dist: 8190, 8190, 8190, 8190
Jetson Distance:0 Offset:0 Angle:0 Sensors dist: 8190, 8190, 8190, 8190
Jetson Distance:0 Offset:0 Angle:0 Sensors dist: 8190, 8190, 8190, 8190
Teensy:1666418159,  b'\r\n0\r\n\n\r\n0\r'
Jetson Distance:0 Offset:0 Angle:0 Sensors dist: 8190, 8190, 8190, 8190
Jetson Distance:0 Offset:0 Angle:0 Sensors dist: 8190, 8190, 8190, 8190
Jetson Distance:0 Offset:0 Angle:0 Sensors dist: 8190, 8190, 8190, 8190
Jetson Distance:0 Offset:0 Angle:0 Sensors dist: 8190, 8190, 8190, 8190
Teensy:1666418160,  b'\n\n\r\n0\r\n\n\r\n'
Jetson Distance:0 Offset:0 Angle:0 Sensors dist: 8190, 8190, 8190, 8190
Jetson Distance:0 Offset:0 Angle:0 Sensors dist: 8190, 8190, 8190, 8190
Teensy:1666418160,  b'0\r\n\n\r\n0\r\n\n'
Jetson Distance:0 Offset:0 Angle:0 Sensors dist: 8190, 8190, 8190, 8190
Jetson Distance:0 Offset:0 Angle:0 Sensors dist: 8190, 8190, 8190, 8190
Jetson Distance:0 Offset:0 Angle:0 Sensors dist: 8190, 8190, 8190, 8190
Jetson Distance:0 Offset:0 Angle:0 Sensors dist: 8190, 8190, 8190, 8190

Jetson Distance:0 Offset:0 Angle:0 Sensors dist: 8190, 8190, 8190, 8190
Jetson Distance:0 Offset:0 Angle:0 Sensors dist: 8190, 8190, 8190, 8190
Jetson Distance:0 Offset:0 Angle:0 Sensors dist: 8190, 8190, 8190, 8190
Jetson Distance:0 Offset:0 Angle:0 Sensors dist: 8190, 8190, 8190, 8190
Jetson Distance:0 Offset:0 Angle:0 Sensors dist: 8190, 8190, 8190, 8190

Jetson Distance:0 Offset:0 Angle:0 Sensors dist: 8190, 8190, 8190, 8190
Teensy:1666418161,  b'0\r\n\n\r\n0\r\n\n'
Jetson Distance:0 Offset:0 Angle:0 Sensors dist: 8190, 8190, 8190, 8190
Jetson Distance:0 Offset:0 Angle:0 Sensors dist: 8190, 8190, 8190, 8190
Jetson Distance:0 Offset:0 Angle:0 Sensors dist: 8190, 8190, 8190, 8190
Jetson Distance:0 Offset:0 Angle:0 Sensors dist: 8190, 8190, 8190, 8190
Teensy:1666418161,  b'\r\n0\r\n\n\r\n0\r'
Jetson Distance:0 Offset:0 Angle:0 Sensors dist: 8190, 8190, 8190, 8190
Jetson Distance:0 Offset:0 Angle:0 Sensors dist: 8190, 8190, 8190, 8190
Jetson Distance:0 Offset:0 Angle:0 Sensors dist: 8190, 8190, 8190, 8190
Jetson Distance:0 Offset:0 Angle:0 Sensors dist: 8190, 8190, 8190, 8190
Teensy:1666418161,  b'\n\n\r\n0\r\n\n\r\n'
Jetson Distance:0 Offset:0 Angle:0 Sensors dist: 8190, 8190, 8190, 8190
Jetson Distance:0 Offset:0 Angle:0 Sensors dist: 8190, 8190, 8190, 8190
Teensy:1666418161,  b'0\r\n\n\r\n0\r\n\n'
Jetson Distance:0 Offset:0 Angle:0 Sensors dist: 8190, 8190, 8190, 8190
Jetson Distance:0 Offset:0 Angle:0 Sensors dist: 8190, 8190, 8190, 8190
Jetson Distance:0 Offset:0 Angle:0 Sensors dist: 8190, 8190, 8190, 8190
Jetson Distance:0 Offset:0 Angle:0 Sensors dist: 8190, 8190, 8190, 8190
Teensy:1666418161,  b'\r\n0\r\n\n\r\n0\r'
Jetson Distance:0 Offset:0 Angle:0 Sensors dist: 8190, 8190, 8190, 8190
Jetson Distance:0 Offset:0 Angle:0 Sensors dist: 8190, 8190, 8190, 8190
Jetson Distance:0 Offset:0 Angle:0 Sensors dist: 8190, 8190, 8190, 8190
Jetson Distance:0 Offset:0 Angle:0 Sensors dist: 8190, 8190, 8190, 8190
Teensy:1666418162,  b'\n\n\r\n0\r\n\n\r\n'
Jetson Distance:0 Offset:0 Angle:0 Sensors dist: 8190, 8190, 8190, 8190
Teensy:1666418162,  b'0\r\n\n\r\n0\r\n\n'
Jetson Distance:0 Offset:0 Angle:0 Sensors dist: 8190, 8190, 8190, 8190
Jetson Distance:0 Offset:0 Angle:0 Sensors dist: 8190, 8190, 8190, 8190
Jetson Distance:0 Offset:0 Angle:0 Sensors dist: 8190, 8190, 8190, 8190
Jetson Distance:0 Offset:0 Angle:0 Sensors dist: 8190, 8190, 8190, 8190
Teensy:1666418162,  b'\r\n0\r\n\n\r\n0\r'
Jetson Distance:0 Offset:0 Angle:0 Sensors dist: 8190, 8190, 8190, 8190
Jetson Distance:0 Offset:0 Angle:0 Sensors dist: 8190, 8190, 8190, 8190
Jetson Distance:0 Offset:0 Angle:0 Sensors dist: 8190, 8190, 8190, 8190
Jetson Distance:0 Offset:0 Angle:0 Sensors dist: 8190, 8190, 8190, 8190
Teensy:1666418162,  b'\n\n\r\n0\r\n\n\r\n'
Jetson Distance:0 Offset:0 Angle:0 Sensors dist: 8190, 8190, 8190, 8190
Jetson Distance:0 Offset:0 Angle:0 Sensors dist: 8190, 8190, 8190, 8190
Teensy:1666418162,  b'0\r\n\n\r\n0\r\n\n'
Jetson Distance:0 Offset:0 Angle:0 Sensors dist: 8190, 8190, 8190, 8190
Jetson Distance:0 Offset:0 Angle:0 Sensors dist: 8190, 8190, 8190, 8190
Jetson Distance:0 Offset:0 Angle:0 Sensors dist: 8190, 8190, 8190, 8190
Jetson Distance:0 Offset:0 Angle:0 Sensors dist: 8190, 8190, 8190, 8190

Jetson Distance:0 Offset:0 Angle:0 Sensors dist: 8190, 8190, 8190, 8190
Jetson Distance:0 Offset:0 Angle:0 Sensors dist: 8190, 8190, 8190, 8190
Jetson Distance:0 Offset:0 Angle:0 Sensors dist: 8190, 8190, 8190, 8190
Jetson Distance:0 Offset:0 Angle:0 Sensors dist: 8190, 8190, 8190, 8190

Jetson Distance:0 Offset:0 Angle:0 Sensors dist: 8190, 8190, 8190, 8190
Jetson Distance:0 Offset:0 Angle:0 Sensors dist: 8190, 8190, 8190, 8190
Teensy:1666418163,  b'0\r\n\n\r\n0\r\n\n'
Jetson Distance:0 Offset:0 Angle:0 Sensors dist: 8190, 8190, 8190, 8190
Jetson Distance:0 Offset:0 Angle:0 Sensors dist: 8190, 8190, 8190, 8190
Jetson Distance:0 Offset:0 Angle:0 Sensors dist: 8190, 8190, 8190, 8190
Jetson Distance:0 Offset:0 Angle:0 Sensors dist: 8190, 8190, 8190, 8190
Teensy:1666418163,  b'\r\n0\r\n\n\r\n0\r'
Jetson Distance:0 Offset:0 Angle:0 Sensors dist: 8190, 8190, 8190, 8190
Jetson Distance:0 Offset:0 Angle:0 Sensors dist: 8190, 8190, 8190, 8190
Jetson Distance:0 Offset:0 Angle:0 Sensors dist: 8190, 8190, 8190, 8190
Jetson Distance:0 Offset:0 Angle:0 Sensors dist: 8190, 8190, 8190, 8190
Teensy:1666418163,  b'\n\n\r\n0\r\n\n\r\n'
Jetson Distance:0 Offset:0 Angle:0 Sensors dist: 8190, 8190, 8190, 8190
Jetson Distance:0 Offset:0 Angle:0 Sensors dist: 8190, 8190, 8190, 8190
Teensy:1666418164,  b'0\r\n\n\r\n0\r\n\n'
Jetson Distance:0 Offset:0 Angle:0 Sensors dist: 8190, 8190, 8190, 8190
Jetson Distance:0 Offset:0 Angle:0 Sensors dist: 8190, 8190, 8190, 8190
Jetson Distance:0 Offset:0 Angle:0 Sensors dist: 8190, 8190, 8190, 8190
Jetson Distance:0 Offset:0 Angle:0 Sensors dist: 8190, 8190, 8190, 8190
Teensy:1666418164,  b'\r\n0\r\n\n\r\n0\r'
Jetson Distance:0 Offset:0 Angle:0 Sensors dist: 8190, 8190, 8190, 8190
Jetson Distance:0 Offset:0 Angle:0 Sensors dist: 8190, 8190, 8190, 8190
Jetson Distance:0 Offset:0 Angle:0 Sensors dist: 8190, 8190, 8190, 8190
Jetson Distance:0 Offset:0 Angle:0 Sensors dist: 8190, 8190, 8190, 8190
Teensy:1666418164,  b'\n\n\r\n0\r\n\n\r\n'
Jetson Distance:0 Offset:0 Angle:0 Sensors dist: 8190, 8190, 8190, 8190
Jetson Distance:0 Offset:0 Angle:0 Sensors dist: 8190, 8190, 8190, 8190
Teensy:1666418164,  b'0\r\n\n\r\n0\r\n\n'
Jetson Distance:0 Offset:0 Angle:0 Sensors dist: 8190, 8190, 8190, 8190
Jetson Distance:0 Offset:0 Angle:0 Sensors dist: 8190, 8190, 8190, 8190
Jetson Distance:0 Offset:0 Angle:0 Sensors dist: 8190, 8190, 8190, 8190
Jetson Distance:0 Offset:0 Angle:0 Sensors dist: 8190, 8190, 8190, 8190
Teensy:1666418165,  b'\r\n0\r\n\n\r\n0\r'
Jetson Distance:0 Offset:0 Angle:0 Sensors dist: 8190, 8190, 8190, 8190
Jetson Distance:0 Offset:0 Angle:0 Sensors dist: 8190, 8190, 8190, 8190
Jetson Distance:0 Offset:0 Angle:0 Sensors dist: 8190, 8190, 8190, 8190
Jetson Distance:0 Offset:0 Angle:0 Sensors dist: 8190, 8190, 8190, 8190
Teensy:1666418165,  b'\n\n\r\n0\r\n\n\r\n'
Jetson Distance:0 Offset:0 Angle:0 Sensors dist: 8190, 8190, 8190, 8190
Jetson Distance:0 Offset:0 Angle:0 Sensors dist: 8190, 8190, 8190, 8190
Teensy:1666418165,  b'0\r\n\n\r\n0\r\n\n'
Jetson Distance:0 Offset:0 Angle:0 Sensors dist: 8190, 8190, 8190, 8190
Jetson Distance:0 Offset:0 Angle:0 Sensors dist: 8190, 8190, 8190, 8190
Jetson Distance:0 Offset:0 Angle:0 Sensors dist: 8190, 8190, 8190, 8190
Jetson Distance:0 Offset:0 Angle:0 Sensors dist: 8190, 8190, 8190, 8190

Jetson Distance:0 Offset:0 Angle:0 Sensors dist: 8190, 8190, 8190, 8190
Jetson Distance:0 Offset:0 Angle:0 Sensors dist: 8190, 8190, 8190, 8190
Jetson Distance:0 Offset:0 Angle:0 Sensors dist: 8190, 8190, 8190, 8190

Jetson Distance:0 Offset:0 Angle:0 Sensors dist: 8190, 8190, 8190, 8190
Jetson Distance:0 Offset:0 Angle:0 Sensors dist: 8190, 8190, 8190, 8190
Teensy:1666418166,  b'0\r\n\n\r\n0\r\n\n'
Jetson Distance:0 Offset:0 Angle:0 Sensors dist: 8190, 8190, 8190, 8190
Jetson Distance:0 Offset:0 Angle:0 Sensors dist: 8190, 8190, 8190, 8190
Jetson Distance:0 Offset:0 Angle:0 Sensors dist: 8190, 8190, 8190, 8190
Jetson Distance:0 Offset:0 Angle:0 Sensors dist: 8190, 8190, 8190, 8190
Teensy:1666418166,  b'\r\n0\r\n\n\r\n0\r'
Jetson Distance:0 Offset:0 Angle:0 Sensors dist: 8190, 8190, 8190, 8190
Jetson Distance:0 Offset:0 Angle:0 Sensors dist: 8190, 8190, 8190, 8190
Jetson Distance:0 Offset:0 Angle:0 Sensors dist: 8190, 8190, 8190, 8190
Jetson Distance:0 Offset:0 Angle:0 Sensors dist: 8190, 8190, 8190, 8190
Teensy:1666418166,  b'\n\n\r\n0\r\n\n\r\n'
Jetson Distance:0 Offset:0 Angle:0 Sensors dist: 8190, 8190, 8190, 8190
Jetson Distance:0 Offset:0 Angle:0 Sensors dist: 8190, 8190, 8190, 8190
Teensy:1666418166,  b'0\r\n\n\r\n0\r\n\n'
Jetson Distance:0 Offset:0 Angle:0 Sensors dist: 8190, 8190, 8190, 8190
Jetson Distance:0 Offset:0 Angle:0 Sensors dist: 8190, 8190, 8190, 8190
Jetson Distance:0 Offset:0 Angle:0 Sensors dist: 8190, 8190, 8190, 8190
Jetson Distance:0 Offset:0 Angle:0 Sensors dist: 8190, 8190, 8190, 8190
Teensy:1666418167,  b'\r\n0\r\n\n\r\n0\r'
Jetson Distance:0 Offset:0 Angle:0 Sensors dist: 8190, 8190, 8190, 8190
Jetson Distance:0 Offset:0 Angle:0 Sensors dist: 8190, 8190, 8190, 8190
Jetson Distance:0 Offset:0 Angle:0 Sensors dist: 8190, 8190, 8190, 8190
Jetson Distance:0 Offset:0 Angle:0 Sensors dist: 8190, 8190, 8190, 8190
Teensy:1666418167,  b'\n\n\r\n0\r\n\n\r\n'
Jetson Distance:0 Offset:0 Angle:0 Sensors dist: 8190, 8190, 8190, 8190
Teensy:1666418167,  b'0\r\n\n\r\n0\r\n\n'
Jetson Distance:0 Offset:0 Angle:0 Sensors dist: 8190, 8190, 8190, 8190
Jetson Distance:0 Offset:0 Angle:0 Sensors dist: 8190, 8190, 8190, 8190
Jetson Distance:0 Offset:0 Angle:0 Sensors dist: 8190, 8190, 8190, 8190
Jetson Distance:0 Offset:0 Angle:0 Sensors dist: 8190, 8190, 8190, 8190
Teensy:1666418167,  b'\r\n0\r\n\n\r\n0\r'
Jetson Distance:0 Offset:0 Angle:0 Sensors dist: 8190, 8190, 8190, 8190
Jetson Distance:0 Offset:0 Angle:0 Sensors dist: 8190, 8190, 8190, 8190
Jetson Distance:0 Offset:0 Angle:0 Sensors dist: 8190, 8190, 8190, 8190
Jetson Distance:0 Offset:0 Angle:0 Sensors dist: 8190, 8190, 8190, 8190
Teensy:1666418167,  b'\n\n\r\n0\r\n\n\r\n'
Jetson Distance:0 Offset:0 Angle:0 Sensors dist: 8190, 8190, 8190, 8190
Jetson Distance:0 Offset:0 Angle:0 Sensors dist: 8190, 8190, 8190, 8190
Teensy:1666418168,  b'0\r\n\n\r\n0\r\n\n'
Jetson Distance:0 Offset:0 Angle:0 Sensors dist: 8190, 8190, 8190, 8190
Jetson Distance:0 Offset:0 Angle:0 Sensors dist: 8190, 8190, 8190, 8190
Jetson Distance:0 Offset:0 Angle:0 Sensors dist: 8190, 8190, 8190, 8190
Jetson Distance:0 Offset:0 Angle:0 Sensors dist: 8190, 8190, 8190, 8190

Jetson Distance:0 Offset:0 Angle:0 Sensors dist: 8190, 8190, 8190, 8190
Jetson Distance:0 Offset:0 Angle:0 Sensors dist: 8190, 8190, 8190, 8190
Jetson Distance:0 Offset:0 Angle:0 Sensors dist: 8190, 8190, 8190, 8190
Jetson Distance:0 Offset:0 Angle:0 Sensors dist: 8190, 8190, 8190, 8190

Jetson Distance:0 Offset:0 Angle:0 Sensors dist: 8190, 8190, 8190, 8190
Jetson Distance:0 Offset:0 Angle:0 Sensors dist: 8190, 8190, 8190, 8190
Teensy:1666418168,  b'0\r\n\n\r\n0\r\n\n'
Jetson Distance:0 Offset:0 Angle:0 Sensors dist: 8190, 8190, 8190, 8190
Jetson Distance:0 Offset:0 Angle:0 Sensors dist: 8190, 8190, 8190, 8190
Jetson Distance:0 Offset:0 Angle:0 Sensors dist: 8190, 8190, 8190, 8190
Jetson Distance:0 Offset:0 Angle:0 Sensors dist: 8190, 8190, 8190, 8190
Teensy:1666418168,  b'\r\n0\r\n\n\r\n0\r'
Jetson Distance:0 Offset:0 Angle:0 Sensors dist: 8190, 8190, 8190, 8190
Jetson Distance:0 Offset:0 Angle:0 Sensors dist: 8190, 8190, 8190, 8190
Jetson Distance:0 Offset:0 Angle:0 Sensors dist: 8190, 8190, 8190, 8190
Jetson Distance:0 Offset:0 Angle:0 Sensors dist: 8190, 8190, 8190, 8190
Teensy:1666418169,  b'\n\n\r\n0\r\n\n\r\n'
Jetson Distance:0 Offset:0 Angle:0 Sensors dist: 8190, 8190, 8190, 8190
Jetson Distance:0 Offset:0 Angle:0 Sensors dist: 8190, 8190, 8190, 8190
Teensy:1666418169,  b'0\r\n\n\r\n0\r\n\n'
Jetson Distance:0 Offset:0 Angle:0 Sensors dist: 8190, 8190, 8190, 8190
Jetson Distance:0 Offset:0 Angle:0 Sensors dist: 8190, 8190, 8190, 8190
Jetson Distance:0 Offset:0 Angle:0 Sensors dist: 8190, 8190, 8190, 8190
Jetson Distance:0 Offset:0 Angle:0 Sensors dist: 8190, 8190, 8190, 8190
Teensy:1666418169,  b'\r\n0\r\n\n\r\n0\r'
Jetson Distance:0 Offset:0 Angle:0 Sensors dist: 8190, 8190, 8190, 8190
Jetson Distance:0 Offset:0 Angle:0 Sensors dist: 8190, 8190, 8190, 8190
Jetson Distance:0 Offset:0 Angle:0 Sensors dist: 8190, 8190, 8190, 8190
Jetson Distance:0 Offset:0 Angle:0 Sensors dist: 8190, 8190, 8190, 8190
Teensy:1666418169,  b'\n\n\r\n0\r\n\n\r\n'
Jetson Distance:0 Offset:0 Angle:0 Sensors dist: 8190, 8190, 8190, 8190
Jetson Distance:0 Offset:0 Angle:0 Sensors dist: 8190, 8190, 8190, 8190
Teensy:1666418169,  b'0\r\n\n\r\n0\r\n\n'
Jetson Distance:0 Offset:0 Angle:0 Sensors dist: 8190, 8190, 8190, 8190
Jetson Distance:0 Offset:0 Angle:0 Sensors dist: 8190, 8190, 8190, 8190
Jetson Distance:0 Offset:0 Angle:0 Sensors dist: 8190, 8190, 8190, 8190
Jetson Distance:0 Offset:0 Angle:0 Sensors dist: 8190, 8190, 8190, 8190
Teensy:1666418170,  b'\r\n0\r\n\n\r\n0\r'
Jetson Distance:0 Offset:0 Angle:0 Sensors dist: 8190, 8190, 8190, 8190
Jetson Distance:0 Offset:0 Angle:0 Sensors dist: 8190, 8190, 8190, 8190
**** Exeuting Program ***
Jetson Distance:0 Offset:0 Angle:0 Sensors dist: 8190, 8190, 8190, 8190
Jetson Distance:0 Offset:0 Angle:0 Sensors dist: 8190, 8190, 8190, 8190
Jetson Distance:0 Offset:0 Angle:0 Sensors dist: 8190, 8190, 8190, 8190
Jetson Distance:0 Offset:0 Angle:0 Sensors dist: 8190, 8190, 8190, 8190
Jetson Distance:0 Offset:0 Angle:0 Sensors dist: 8190, 8190, 8190, 8190
Jetson Distance:0 Offset:0 Angle:0 Sensors dist: 8190, 8190, 8190, 8190
Jetson Distance:0 Offset:0 Angle:0 Sensors dist: 8190, 8190, 8190, 8190
Jetson Distance:0 Offset:0 Angle:0 Sensors dist: 8190, 8190, 8190, 8190
Jetson Distance:0 Offset:0 Angle:0 Sensors dist: 8190, 8190, 8190, 8190
Jetson Distance:0 Offset:0 Angle:0 Sensors dist: 8190, 8190, 8190, 8190
Jetson Distance:0 Offset:0 Angle:0 Sensors dist: 8190, 8190, 8190, 8190
Jetson Distance:0 Offset:0 Angle:0 Sensors dist: 8190, 8190, 8190, 8190
Jetson Distance:0 Offset:0 Angle:0 Sensors dist: 8190, 8190, 8190, 8190
Jetson Distance:0 Offset:0 Angle:0 Sensors dist: 8190, 8190, 8190, 8190
Jetson Distance:0 Offset:0 Angle:0 Sensors dist: 8190, 8190, 8190, 8190
Jetson Distance:0 Offset:0 Angle:0 Sensors dist: 8190, 8190, 8190, 8190
Jetson Distance:0 Offset:0 Angle:0 Sensors dist: 8190, 8190, 8190, 8190
Jetson Distance:0 Offset:0 Angle:0 Sensors dist: 8190, 8190, 8190, 8190
Jetson Distance:0 Offset:0 Angle:0 Sensors dist: 8190, 8190, 8190, 8190
Jetson Distance:0 Offset:0 Angle:0 Sensors dist: 8190, 8190, 8190, 8190
Jetson Distance:0 Offset:0 Angle:0 Sensors dist: 8190, 8190, 8190, 8190
Jetson Distance:0 Offset:0 Angle:0 Sensors dist: 8190, 8190, 8190, 8190
Jetson Distance:0 Offset:0 Angle:0 Sensors dist: 8190, 8190, 8190, 8190
Jetson Distance:0 Offset:0 Angle:0 Sensors dist: 8190, 8190, 8190, 8190
Jetson Distance:0 Offset:0 Angle:0 Sensors dist: 8190, 8190, 8190, 8190
Jetson Distance:0 Offset:0 Angle:0 Sensors dist: 8190, 8190, 8190, 8190
Jetson Distance:0 Offset:0 Angle:0 Sensors dist: 8190, 8190, 8190, 8190
Jetson Distance:0 Offset:0 Angle:0 Sensors dist: 8190, 8190, 8190, 8190
Jetson Distance:0 Offset:0 Angle:0 Sensors dist: 8190, 8190, 8190, 8190
Jetson Distance:0 Offset:0 Angle:0 Sensors dist: 8190, 8190, 8190, 8190
Jetson Distance:0 Offset:0 Angle:0 Sensors dist: 8190, 8190, 8190, 8190
Jetson Distance:0 Offset:0 Angle:0 Sensors dist: 8190, 8190, 8190, 8190
Jetson Distance:0 Offset:0 Angle:0 Sensors dist: 8190, 8190, 8190, 8190
Jetson Distance:0 Offset:0 Angle:0 Sensors dist: 8190, 8190, 8190, 8190
Jetson Distance:0 Offset:0 Angle:0 Sensors dist: 8190, 8190, 8190, 8190
Jetson Distance:0 Offset:0 Angle:0 Sensors dist: 8190, 8190, 8190, 8190
Jetson Distance:0 Offset:0 Angle:0 Sensors dist: 8190, 8190, 8190, 8190
Jetson Distance:0 Offset:0 Angle:0 Sensors dist: 8190, 8190, 8190, 8190
Jetson Distance:0 Offset:0 Angle:0 Sensors dist: 8190, 8190, 8190, 8190
Jetson Distance:0 Offset:0 Angle:0 Sensors dist: 8190, 8190, 8190, 8190
Jetson Distance:0 Offset:0 Angle:0 Sensors dist: 8190, 8190, 8190, 8190
Jetson Distance:0 Offset:0 Angle:0 Sensors dist: 8190, 8190, 8190, 8190
Jetson Distance:0 Offset:0 Angle:0 Sensors dist: 8190, 8190, 8190, 8190
Jetson Distance:0 Offset:0 Angle:0 Sensors dist: 8190, 8190, 8190, 8190
Jetson Distance:0 Offset:0 Angle:0 Sensors dist: 8190, 8190, 8190, 8190
Jetson Distance:0 Offset:0 Angle:0 Sensors dist: 8190, 8190, 8190, 8190
Jetson Distance:0 Offset:0 Angle:0 Sensors dist: 8190, 8190, 8190, 8190
Jetson Distance:0 Offset:0 Angle:0 Sensors dist: 8190, 8190, 8190, 8190
Jetson Distance:0 Offset:0 Angle:0 Sensors dist: 8190, 8190, 8190, 8190
Jetson Distance:0 Offset:0 Angle:0 Sensors dist: 8190, 8190, 8190, 8190
Jetson Distance:0 Offset:0 Angle:0 Sensors dist: 8190, 8190, 8190, 8190
Jetson Distance:0 Offset:0 Angle:0 Sensors dist: 8190, 8190, 8190, 8190
Jetson Distance:0 Offset:0 Angle:0 Sensors dist: 8190, 8190, 8190, 8190
Jetson Distance:0 Offset:0 Angle:0 Sensors dist: 8190, 8190, 8190, 8190
Jetson Distance:0 Offset:0 Angle:0 Sensors dist: 8190, 8190, 8190, 8190
Jetson Distance:0 Offset:0 Angle:0 Sensors dist: 8190, 8190, 8190, 8190
Jetson Distance:0 Offset:0 Angle:0 Sensors dist: 8190, 8190, 8190, 8190
Jetson Distance:0 Offset:0 Angle:0 Sensors dist: 8190, 8190, 8190, 8190
Jetson Distance:0 Offset:0 Angle:0 Sensors dist: 8190, 8190, 8190, 8190
Jetson Distance:0 Offset:0 Angle:0 Sensors dist: 8190, 8190, 8190, 8190
Jetson Distance:0 Offset:0 Angle:0 Sensors dist: 8190, 8190, 8190, 8190
Jetson Distance:0 Offset:0 Angle:0 Sensors dist: 8190, 8190, 8190, 8190
Jetson Distance:0 Offset:0 Angle:0 Sensors dist: 8190, 8190, 8190, 8190
Jetson Distance:0 Offset:0 Angle:0 Sensors dist: 8190, 8190, 8190, 8190
Jetson Distance:0 Offset:0 Angle:0 Sensors dist: 8190, 8190, 8190, 8190
Jetson Distance:0 Offset:0 Angle:0 Sensors dist: 8190, 8190, 8190, 8190
Jetson Distance:0 Offset:0 Angle:0 Sensors dist: 8190, 8190, 8190, 8190
Jetson Distance:0 Offset:0 Angle:0 Sensors dist: 8190, 8190, 8190, 8190
Jetson Distance:0 Offset:0 Angle:0 Sensors dist: 8190, 8190, 8190, 8190
Jetson Distance:0 Offset:0 Angle:0 Sensors dist: 8190, 8190, 8190, 8190
Jetson Distance:0 Offset:0 Angle:0 Sensors dist: 8190, 8190, 8190, 8190
Jetson Distance:0 Offset:0 Angle:0 Sensors dist: 8190, 8190, 8190, 8190
Jetson Distance:0 Offset:0 Angle:0 Sensors dist: 8190, 8190, 8190, 8190
Jetson Distance:0 Offset:0 Angle:0 Sensors dist: 8190, 8190, 8190, 8190
Jetson Distance:0 Offset:0 Angle:0 Sensors dist: 8190, 8190, 8190, 8190
Jetson Distance:0 Offset:0 Angle:0 Sensors dist: 8190, 8190, 8190, 8190
Jetson Distance:0 Offset:0 Angle:0 Sensors dist: 8190, 8190, 8190, 8190
Jetson Distance:0 Offset:0 Angle:0 Sensors dist: 8190, 8190, 8190, 8190
Jetson Distance:0 Offset:0 Angle:0 Sensors dist: 8190, 8190, 8190, 8190
Jetson Distance:0 Offset:0 Angle:0 Sensors dist: 8190, 8190, 8190, 8190
Jetson Distance:0 Offset:0 Angle:0 Sensors dist: 8190, 8190, 8190, 8190
Jetson Distance:0 Offset:0 Angle:0 Sensors dist: 8190, 8190, 8190, 8190
Jetson Distance:0 Offset:0 Angle:0 Sensors dist: 8190, 8190, 8190, 8190
Jetson Distance:0 Offset:0 Angle:0 Sensors dist: 8190, 8190, 8190, 8190
Jetson Distance:0 Offset:0 Angle:0 Sensors dist: 8190, 8190, 8190, 8190
Jetson Distance:0 Offset:0 Angle:0 Sensors dist: 8190, 8190, 8190, 8190
Jetson Distance:0 Offset:0 Angle:0 Sensors dist: 8190, 8190, 8190, 8190
Jetson Distance:0 Offset:0 Angle:0 Sensors dist: 8190, 8190, 8190, 8190
Jetson Distance:0 Offset:0 Angle:0 Sensors dist: 8190, 8190, 8190, 8190
Jetson Distance:0 Offset:0 Angle:0 Sensors dist: 8190, 8190, 8190, 8190
Jetson Distance:0 Offset:0 Angle:0 Sensors dist: 8190, 8190, 8190, 8190
Jetson Distance:0 Offset:0 Angle:0 Sensors dist: 8190, 8190, 8190, 8190
Jetson Distance:0 Offset:0 Angle:0 Sensors dist: 8190, 8190, 8190, 8190
Jetson Distance:0 Offset:0 Angle:0 Sensors dist: 8190, 8190, 8190, 8190
Jetson Distance:0 Offset:0 Angle:0 Sensors dist: 8190, 8190, 8190, 8190
**** Exeuting Program ***
Jetson Distance:0 Offset:0 Angle:0 Sensors dist: 8190, 8190, 8190, 8190
Jetson Distance:0 Offset:0 Angle:0 Sensors dist: 8190, 8190, 8190, 8190
Jetson Distance:0 Offset:0 Angle:0 Sensors dist: 8190, 8190, 8190, 8190
Jetson Distance:0 Offset:0 Angle:0 Sensors dist: 8190, 8190, 8190, 8190
Jetson Distance:0 Offset:0 Angle:0 Sensors dist: 8190, 8190, 8190, 8190
Jetson Distance:0 Offset:0 Angle:0 Sensors dist: 8190, 8190, 8190, 8190
Jetson Distance:0 Offset:0 Angle:0 Sensors dist: 8190, 8190, 8190, 8190
Jetson Distance:0 Offset:0 Angle:0 Sensors dist: 8190, 8190, 8190, 8190
Jetson Distance:0 Offset:0 Angle:0 Sensors dist: 8190, 8190, 8190, 8190
Jetson Distance:0 Offset:0 Angle:0 Sensors dist: 8190, 8190, 8190, 8190
Jetson Distance:0 Offset:0 Angle:0 Sensors dist: 8190, 8190, 8190, 8190
Jetson Distance:0 Offset:0 Angle:0 Sensors dist: 8190, 8190, 8190, 8190
Jetson Distance:0 Offset:0 Angle:0 Sensors dist: 8190, 8190, 8190, 8190
Jetson Distance:0 Offset:0 Angle:0 Sensors dist: 8190, 8190, 8190, 8190
Jetson Distance:0 Offset:0 Angle:0 Sensors dist: 8190, 8190, 8190, 8190
Jetson Distance:0 Offset:0 Angle:0 Sensors dist: 8190, 8190, 8190, 8190
Jetson Distance:0 Offset:0 Angle:0 Sensors dist: 8190, 8190, 8190, 8190
Jetson Distance:0 Offset:0 Angle:0 Sensors dist: 8190, 8190, 8190, 8190
Jetson Distance:0 Offset:0 Angle:0 Sensors dist: 8190, 8190, 8190, 8190
Jetson Distance:0 Offset:0 Angle:0 Sensors dist: 8190, 8190, 8190, 8190
Jetson Distance:0 Offset:0 Angle:0 Sensors dist: 8190, 8190, 8190, 8190
Jetson Distance:0 Offset:0 Angle:0 Sensors dist: 8190, 8190, 8190, 8190
Jetson Distance:0 Offset:0 Angle:0 Sensors dist: 8190, 8190, 8190, 8190
Jetson Distance:0 Offset:0 Angle:0 Sensors dist: 8190, 8190, 8190, 8190
Jetson Distance:0 Offset:0 Angle:0 Sensors dist: 8190, 8190, 8190, 8190
Jetson Distance:0 Offset:0 Angle:0 Sensors dist: 8190, 8190, 8190, 8190
Jetson Distance:0 Offset:0 Angle:0 Sensors dist: 8190, 8190, 8190, 8190
Jetson Distance:0 Offset:0 Angle:0 Sensors dist: 8190, 8190, 8190, 8190
Jetson Distance:0 Offset:0 Angle:0 Sensors dist: 8190, 8190, 8190, 8190
Jetson Distance:0 Offset:0 Angle:0 Sensors dist: 8190, 8190, 8190, 8190
Jetson Distance:0 Offset:0 Angle:0 Sensors dist: 8190, 8190, 8190, 8190
Jetson Distance:0 Offset:0 Angle:0 Sensors dist: 8190, 8190, 8190, 8190
Jetson Distance:0 Offset:0 Angle:0 Sensors dist: 8190, 8190, 8190, 8190
Jetson Distance:0 Offset:0 Angle:0 Sensors dist: 8190, 8190, 8190, 8190
Jetson Distance:0 Offset:0 Angle:0 Sensors dist: 8190, 8190, 8190, 8190
Jetson Distance:0 Offset:0 Angle:0 Sensors dist: 8190, 8190, 8190, 8190
Jetson Distance:0 Offset:0 Angle:0 Sensors dist: 8190, 8190, 8190, 8190
Jetson Distance:0 Offset:0 Angle:0 Sensors dist: 8190, 8190, 8190, 8190
Jetson Distance:0 Offset:0 Angle:0 Sensors dist: 8190, 8190, 8190, 8190
Jetson Distance:0 Offset:0 Angle:0 Sensors dist: 8190, 8190, 8190, 8190
Jetson Distance:0 Offset:0 Angle:0 Sensors dist: 8190, 8190, 8190, 8190
Jetson Distance:0 Offset:0 Angle:0 Sensors dist: 8190, 8190, 8190, 8190
Jetson Distance:0 Offset:0 Angle:0 Sensors dist: 8190, 8190, 8190, 8190
Jetson Distance:0 Offset:0 Angle:0 Sensors dist: 8190, 8190, 8190, 8190
Jetson Distance:0 Offset:0 Angle:0 Sensors dist: 8190, 8190, 8190, 8190
Jetson Distance:0 Offset:0 Angle:0 Sensors dist: 8190, 8190, 8190, 8190
Jetson Distance:0 Offset:0 Angle:0 Sensors dist: 8190, 8190, 8190, 8190
Jetson Distance:0 Offset:0 Angle:0 Sensors dist: 8190, 8190, 8190, 8190
Jetson Distance:0 Offset:0 Angle:0 Sensors dist: 8190, 8190, 8190, 8190
Jetson Distance:0 Offset:0 Angle:0 Sensors dist: 8190, 8190, 8190, 8190
Jetson Distance:0 Offset:0 Angle:0 Sensors dist: 8190, 8190, 8190, 8190
Jetson Distance:0 Offset:0 Angle:0 Sensors dist: 8190, 8190, 8190, 8190
Jetson Distance:0 Offset:0 Angle:0 Sensors dist: 8190, 8190, 8190, 8190
Jetson Distance:0 Offset:0 Angle:0 Sensors dist: 8190, 8190, 8190, 8190
Jetson Distance:0 Offset:0 Angle:0 Sensors dist: 8190, 8190, 8190, 8190
Jetson Distance:0 Offset:0 Angle:0 Sensors dist: 8190, 8190, 8190, 8190
Jetson Distance:0 Offset:0 Angle:0 Sensors dist: 8190, 8190, 8190, 8190
Jetson Distance:0 Offset:0 Angle:0 Sensors dist: 8190, 8190, 8190, 8190
Jetson Distance:0 Offset:0 Angle:0 Sensors dist: 8190, 8190, 8190, 8190
Jetson Distance:0 Offset:0 Angle:0 Sensors dist: 8190, 8190, 8190, 8190
Jetson Distance:0 Offset:0 Angle:0 Sensors dist: 8190, 8190, 8190, 8190
Jetson Distance:0 Offset:0 Angle:0 Sensors dist: 8190, 8190, 8190, 8190
Jetson Distance:0 Offset:0 Angle:0 Sensors dist: 8190, 8190, 8190, 8190
Jetson Distance:0 Offset:0 Angle:0 Sensors dist: 8190, 8190, 8190, 8190
Jetson Distance:0 Offset:0 Angle:0 Sensors dist: 8190, 8190, 8190, 8190
Jetson Distance:0 Offset:0 Angle:0 Sensors dist: 8190, 8190, 8190, 8190
Jetson Distance:0 Offset:0 Angle:0 Sensors dist: 8190, 8190, 8190, 8190
Jetson Distance:0 Offset:0 Angle:0 Sensors dist: 8190, 8190, 8190, 8190
Jetson Distance:0 Offset:0 Angle:0 Sensors dist: 8190, 8190, 8190, 8190
Jetson Distance:0 Offset:0 Angle:0 Sensors dist: 8190, 8190, 8190, 8190
Jetson Distance:0 Offset:0 Angle:0 Sensors dist: 8190, 8190, 8190, 8190
Jetson Distance:0 Offset:0 Angle:0 Sensors dist: 8190, 8190, 8190, 8190
Jetson Distance:0 Offset:0 Angle:0 Sensors dist: 8190, 8190, 8190, 8190
Jetson Distance:0 Offset:0 Angle:0 Sensors dist: 8190, 8190, 8190, 8190
Jetson Distance:0 Offset:0 Angle:0 Sensors dist: 8190, 8190, 8190, 8190
Jetson Distance:0 Offset:0 Angle:0 Sensors dist: 8190, 8190, 8190, 8190
Jetson Distance:0 Offset:0 Angle:0 Sensors dist: 8190, 8190, 8190, 8190
Jetson Distance:0 Offset:0 Angle:0 Sensors dist: 8190, 8190, 8190, 8190
Jetson Distance:0 Offset:0 Angle:0 Sensors dist: 8190, 8190, 8190, 8190
Jetson Distance:0 Offset:0 Angle:0 Sensors dist: 8190, 8190, 8190, 8190
Jetson Distance:0 Offset:0 Angle:0 Sensors dist: 8190, 8190, 8190, 8190
Jetson Distance:0 Offset:0 Angle:0 Sensors dist: 8190, 8190, 8190, 8190
Jetson Distance:0 Offset:0 Angle:0 Sensors dist: 8190, 8190, 8190, 8190
Jetson Distance:0 Offset:0 Angle:0 Sensors dist: 8190, 8190, 8190, 8190
Jetson Distance:0 Offset:0 Angle:0 Sensors dist: 8190, 8190, 8190, 8190
Jetson Distance:0 Offset:0 Angle:0 Sensors dist: 8190, 8190, 8190, 8190
Jetson Distance:0 Offset:0 Angle:0 Sensors dist: 8190, 8190, 8190, 8190
Jetson Distance:0 Offset:0 Angle:0 Sensors dist: 8190, 8190, 8190, 8190
Jetson Distance:0 Offset:0 Angle:0 Sensors dist: 8190, 8190, 8190, 8190
Jetson Distance:0 Offset:0 Angle:0 Sensors dist: 8190, 8190, 8190, 8190
Jetson Distance:0 Offset:0 Angle:0 Sensors dist: 8190, 8190, 8190, 8190
Jetson Distance:0 Offset:0 Angle:0 Sensors dist: 8190, 8190, 8190, 8190
Jetson Distance:0 Offset:0 Angle:0 Sensors dist: 8190, 8190, 8190, 8190
Jetson Distance:0 Offset:0 Angle:0 Sensors dist: 8190, 8190, 8190, 8190
Jetson Distance:0 Offset:0 Angle:0 Sensors dist: 8190, 8190, 8190, 8190
Jetson Distance:0 Offset:0 Angle:0 Sensors dist: 8190, 8190, 8190, 8190
Jetson Distance:0 Offset:0 Angle:0 Sensors dist: 8190, 8190, 8190, 8190
Jetson Distance:0 Offset:0 Angle:0 Sensors dist: 8190, 8190, 8190, 8190
Jetson Distance:0 Offset:0 Angle:0 Sensors dist: 8190, 8190, 8190, 8190
Jetson Distance:0 Offset:0 Angle:0 Sensors dist: 8190, 8190, 8190, 8190
Jetson Distance:0 Offset:0 Angle:0 Sensors dist: 8190, 8190, 8190, 8190
Jetson Distance:0 Offset:0 Angle:0 Sensors dist: 8190, 8190, 8190, 8190
Jetson Distance:0 Offset:0 Angle:0 Sensors dist: 8190, 8190, 8190, 8190
Jetson Distance:0 Offset:0 Angle:0 Sensors dist: 8190, 8190, 8190, 8190
Jetson Distance:0 Offset:0 Angle:0 Sensors dist: 8190, 8190, 8190, 8190
Jetson Distance:0 Offset:0 Angle:0 Sensors dist: 8190, 8190, 8190, 8190
Jetson Distance:0 Offset:0 Angle:0 Sensors dist: 8190, 8190, 8190, 8190
Jetson Distance:0 Offset:0 Angle:0 Sensors dist: 8190, 8190, 8190, 8190
Jetson Distance:0 Offset:0 Angle:0 Sensors dist: 8190, 8190, 8190, 8190
Jetson Distance:0 Offset:0 Angle:0 Sensors dist: 8190, 8190, 8190, 8190
Jetson Distance:0 Offset:0 Angle:0 Sensors dist: 8190, 8190, 8190, 8190
Jetson Distance:0 Offset:0 Angle:0 Sensors dist: 8190, 8190, 8190, 8190
Jetson Distance:0 Offset:0 Angle:0 Sensors dist: 8190, 8190, 8190, 8190
Jetson Distance:0 Offset:0 Angle:0 Sensors dist: 8190, 8190, 8190, 8190
Jetson Distance:0 Offset:0 Angle:0 Sensors dist: 8190, 8190, 8190, 8190
Jetson Distance:0 Offset:0 Angle:0 Sensors dist: 8190, 8190, 8190, 8190
Jetson Distance:0 Offset:0 Angle:0 Sensors dist: 8190, 8190, 8190, 8190
Jetson Distance:0 Offset:0 Angle:0 Sensors dist: 8190, 8190, 8190, 8190
Jetson Distance:0 Offset:0 Angle:0 Sensors dist: 8190, 8190, 8190, 8190
Jetson Distance:0 Offset:0 Angle:0 Sensors dist: 8190, 8190, 8190, 8190
Jetson Distance:0 Offset:0 Angle:0 Sensors dist: 8190, 8190, 8190, 8190
Jetson Distance:0 Offset:0 Angle:0 Sensors dist: 8190, 8190, 8190, 8190
Jetson Distance:0 Offset:0 Angle:0 Sensors dist: 8190, 8190, 8190, 8190
Jetson Distance:0 Offset:0 Angle:0 Sensors dist: 8190, 8190, 8190, 8190
Jetson Distance:0 Offset:0 Angle:0 Sensors dist: 8190, 8190, 8190, 8190
Jetson Distance:0 Offset:0 Angle:0 Sensors dist: 8190, 8190, 8190, 8190
Jetson Distance:0 Offset:0 Angle:0 Sensors dist: 8190, 8190, 8190, 8190
Jetson Distance:0 Offset:0 Angle:0 Sensors dist: 8190, 8190, 8190, 8190
Jetson Distance:0 Offset:0 Angle:0 Sensors dist: 8190, 8190, 8190, 8190
Jetson Distance:0 Offset:0 Angle:0 Sensors dist: 8190, 8190, 8190, 8190
Jetson Distance:0 Offset:0 Angle:0 Sensors dist: 8190, 8190, 8190, 8190
Jetson Distance:0 Offset:0 Angle:0 Sensors dist: 8190, 8190, 8190, 8190
Jetson Distance:0 Offset:0 Angle:0 Sensors dist: 8190, 8190, 8190, 8190
Jetson Distance:0 Offset:0 Angle:0 Sensors dist: 8190, 8190, 8190, 8190
Jetson Distance:0 Offset:0 Angle:0 Sensors dist: 8190, 8190, 8190, 8190
Jetson Distance:0 Offset:0 Angle:0 Sensors dist: 8190, 8190, 8190, 8190
Jetson Distance:0 Offset:0 Angle:0 Sensors dist: 8190, 8190, 8190, 8190
Jetson Distance:0 Offset:0 Angle:0 Sensors dist: 8190, 8190, 8190, 8190
Jetson Distance:0 Offset:0 Angle:0 Sensors dist: 8190, 8190, 8190, 8190
Jetson Distance:0 Offset:0 Angle:0 Sensors dist: 8190, 8190, 8190, 8190
Jetson Distance:0 Offset:0 Angle:0 Sensors dist: 8190, 8190, 8190, 8190
Jetson Distance:0 Offset:0 Angle:0 Sensors dist: 8190, 8190, 8190, 8190
Jetson Distance:0 Offset:0 Angle:0 Sensors dist: 8190, 8190, 8190, 8190
Jetson Distance:0 Offset:0 Angle:0 Sensors dist: 8190, 8190, 8190, 8190
Jetson Distance:0 Offset:0 Angle:0 Sensors dist: 8190, 8190, 8190, 8190
Jetson Distance:0 Offset:0 Angle:0 Sensors dist: 8190, 8190, 8190, 8190
Jetson Distance:0 Offset:0 Angle:0 Sensors dist: 8190, 8190, 8190, 8190
Jetson Distance:0 Offset:0 Angle:0 Sensors dist: 8190, 8190, 8190, 8190
Jetson Distance:0 Offset:0 Angle:0 Sensors dist: 8190, 8190, 8190, 8190
Jetson Distance:0 Offset:0 Angle:0 Sensors dist: 8190, 8190, 8190, 8190
Jetson Distance:0 Offset:0 Angle:0 Sensors dist: 8190, 8190, 8190, 8190
Jetson Distance:0 Offset:0 Angle:0 Sensors dist: 8190, 8190, 8190, 8190
Jetson Distance:0 Offset:0 Angle:0 Sensors dist: 8190, 8190, 8190, 8190
Jetson Distance:0 Offset:0 Angle:0 Sensors dist: 8190, 8190, 8190, 8190
Jetson Distance:0 Offset:0 Angle:0 Sensors dist: 8190, 8190, 8190, 8190
Jetson Distance:0 Offset:0 Angle:0 Sensors dist: 8190, 8190, 8190, 8190
Jetson Distance:0 Offset:0 Angle:0 Sensors dist: 8190, 8190, 8190, 8190
Jetson Distance:0 Offset:0 Angle:0 Sensors dist: 8190, 8190, 8190, 8190
Jetson Distance:0 Offset:0 Angle:0 Sensors dist: 8190, 8190, 8190, 8190
Jetson Distance:0 Offset:0 Angle:0 Sensors dist: 8190, 8190, 8190, 8190
Jetson Distance:0 Offset:0 Angle:0 Sensors dist: 8190, 8190, 8190, 8190
Jetson Distance:0 Offset:0 Angle:0 Sensors dist: 8190, 8190, 8190, 8190
Jetson Distance:0 Offset:0 Angle:0 Sensors dist: 8190, 8190, 8190, 8190
Jetson Distance:0 Offset:0 Angle:0 Sensors dist: 8190, 8190, 8190, 8190
Jetson Distance:0 Offset:0 Angle:0 Sensors dist: 8190, 8190, 8190, 8190
Jetson Distance:0 Offset:0 Angle:0 Sensors dist: 8190, 8190, 8190, 8190
Jetson Distance:0 Offset:0 Angle:0 Sensors dist: 8190, 8190, 8190, 8190
Jetson Distance:0 Offset:0 Angle:0 Sensors dist: 8190, 8190, 8190, 8190
Jetson Distance:0 Offset:0 Angle:0 Sensors dist: 8190, 8190, 8190, 8190
Jetson Distance:0 Offset:0 Angle:0 Sensors dist: 8190, 8190, 8190, 8190
Jetson Distance:0 Offset:0 Angle:0 Sensors dist: 8190, 8190, 8190, 8190
Jetson Distance:0 Offset:0 Angle:0 Sensors dist: 8190, 8190, 8190, 8190
Jetson Distance:0 Offset:0 Angle:0 Sensors dist: 8190, 8190, 8190, 8190
Jetson Distance:0 Offset:0 Angle:0 Sensors dist: 8190, 8190, 8190, 8190
Jetson Distance:0 Offset:0 Angle:0 Sensors dist: 8190, 8190, 8190, 8190
Jetson Distance:0 Offset:0 Angle:0 Sensors dist: 8190, 8190, 8190, 8190
Jetson Distance:0 Offset:0 Angle:0 Sensors dist: 8190, 8190, 8190, 8190
Jetson Distance:0 Offset:0 Angle:0 Sensors dist: 8190, 8190, 8190, 8190
Jetson Distance:0 Offset:0 Angle:0 Sensors dist: 8190, 8190, 8190, 8190
Jetson Distance:0 Offset:0 Angle:0 Sensors dist: 8190, 8190, 8190, 8190
Jetson Distance:0 Offset:0 Angle:0 Sensors dist: 8190, 8190, 8190, 8190
Jetson Distance:0 Offset:0 Angle:0 Sensors dist: 8190, 8190, 8190, 8190
Jetson Distance:0 Offset:0 Angle:0 Sensors dist: 8190, 8190, 8190, 8190
Jetson Distance:0 Offset:0 Angle:0 Sensors dist: 8190, 8190, 8190, 8190
Jetson Distance:0 Offset:0 Angle:0 Sensors dist: 8190, 8190, 8190, 8190
Jetson Distance:0 Offset:0 Angle:0 Sensors dist: 8190, 8190, 8190, 8190
**** Exeuting Program ***
Jetson Distance:0 Offset:0 Angle:0 Sensors dist: 8190, 8190, 8190, 8190
Jetson Distance:0 Offset:0 Angle:0 Sensors dist: 8190, 8190, 8190, 8190
Jetson Distance:0 Offset:0 Angle:0 Sensors dist: 8190, 8190, 8190, 8190
Jetson Distance:0 Offset:0 Angle:0 Sensors dist: 8190, 8190, 8190, 8190
Jetson Distance:0 Offset:0 Angle:0 Sensors dist: 8190, 8190, 8190, 8190
Jetson Distance:0 Offset:0 Angle:0 Sensors dist: 8190, 8190, 8190, 8190
Jetson Distance:0 Offset:0 Angle:0 Sensors dist: 8190, 8190, 8190, 8190
Jetson Distance:0 Offset:0 Angle:0 Sensors dist: 8190, 8190, 8190, 8190
Jetson Distance:0 Offset:0 Angle:0 Sensors dist: 8190, 8190, 8190, 8190
Jetson Distance:0 Offset:0 Angle:0 Sensors dist: 8190, 8190, 8190, 8190
Jetson Distance:0 Offset:0 Angle:0 Sensors dist: 8190, 8190, 8190, 8190
Jetson Distance:0 Offset:0 Angle:0 Sensors dist: 8190, 8190, 8190, 8190
Jetson Distance:0 Offset:0 Angle:0 Sensors dist: 8190, 8190, 8190, 8190
Jetson Distance:0 Offset:0 Angle:0 Sensors dist: 8190, 8190, 8190, 8190
Jetson Distance:0 Offset:0 Angle:0 Sensors dist: 8190, 8190, 8190, 8190
Jetson Distance:0 Offset:0 Angle:0 Sensors dist: 8190, 8190, 8190, 8190
Jetson Distance:0 Offset:0 Angle:0 Sensors dist: 8190, 8190, 8190, 8190
Jetson Distance:0 Offset:0 Angle:0 Sensors dist: 8190, 8190, 8190, 8190
Jetson Distance:0 Offset:0 Angle:0 Sensors dist: 8190, 8190, 8190, 8190
Jetson Distance:0 Offset:0 Angle:0 Sensors dist: 8190, 8190, 8190, 8190
**** Exeuting Program ***
Jetson Distance:0 Offset:0 Angle:0 Sensors dist: 8190, 8190, 8190, 8190
Jetson Distance:0 Offset:0 Angle:0 Sensors dist: 8190, 8190, 8190, 8190
Jetson Distance:0 Offset:0 Angle:0 Sensors dist: 8190, 8190, 8190, 8190
Jetson Distance:0 Offset:0 Angle:0 Sensors dist: 8190, 8190, 8190, 8190
Jetson Distance:0 Offset:0 Angle:0 Sensors dist: 8190, 8190, 8190, 8190
Jetson Distance:0 Offset:0 Angle:0 Sensors dist: 8190, 8190, 8190, 8190
Jetson Distance:0 Offset:0 Angle:0 Sensors dist: 8190, 8190, 8190, 8190
Jetson Distance:0 Offset:0 Angle:0 Sensors dist: 8190, 8190, 8190, 8190
Jetson Distance:0 Offset:0 Angle:0 Sensors dist: 8190, 8190, 8190, 8190
Jetson Distance:0 Offset:0 Angle:0 Sensors dist: 8190, 8190, 8190, 8190
Jetson Distance:0 Offset:0 Angle:0 Sensors dist: 8190, 8190, 8190, 8190
Jetson Distance:0 Offset:0 Angle:0 Sensors dist: 8190, 8190, 8190, 8190
Jetson Distance:0 Offset:0 Angle:0 Sensors dist: 8190, 8190, 8190, 8190
Jetson Distance:0 Offset:0 Angle:0 Sensors dist: 8190, 8190, 8190, 8190
Jetson Distance:0 Offset:0 Angle:0 Sensors dist: 8190, 8190, 8190, 8190
Jetson Distance:0 Offset:0 Angle:0 Sensors dist: 8190, 8190, 8190, 8190
Jetson Distance:0 Offset:0 Angle:0 Sensors dist: 8190, 8190, 8190, 8190
Jetson Distance:0 Offset:0 Angle:0 Sensors dist: 8190, 8190, 8190, 8190
Jetson Distance:0 Offset:0 Angle:0 Sensors dist: 8190, 8190, 8190, 8190
Jetson Distance:0 Offset:0 Angle:0 Sensors dist: 8190, 8190, 8190, 8190
Jetson Distance:0 Offset:0 Angle:0 Sensors dist: 8190, 8190, 8190, 8190
Jetson Distance:0 Offset:0 Angle:0 Sensors dist: 8190, 8190, 8190, 8190
Jetson Distance:0 Offset:0 Angle:0 Sensors dist: 8190, 8190, 8190, 8190
Jetson Distance:0 Offset:0 Angle:0 Sensors dist: 8190, 8190, 8190, 8190
Jetson Distance:0 Offset:0 Angle:0 Sensors dist: 8190, 8190, 8190, 8190
Jetson Distance:0 Offset:0 Angle:0 Sensors dist: 8190, 8190, 8190, 8190
Jetson Distance:0 Offset:0 Angle:0 Sensors dist: 8190, 8190, 8190, 8190
Jetson Distance:0 Offset:0 Angle:0 Sensors dist: 8190, 8190, 8190, 8190
Jetson Distance:0 Offset:0 Angle:0 Sensors dist: 8190, 8190, 8190, 8190
Jetson Distance:0 Offset:0 Angle:0 Sensors dist: 8190, 8190, 8190, 8190
Jetson Distance:0 Offset:0 Angle:0 Sensors dist: 8190, 8190, 8190, 8190
Jetson Distance:0 Offset:0 Angle:0 Sensors dist: 8190, 8190, 8190, 8190
Jetson Distance:0 Offset:0 Angle:0 Sensors dist: 8190, 8190, 8190, 8190
Jetson Distance:0 Offset:0 Angle:0 Sensors dist: 8190, 8190, 8190, 8190
Jetson Distance:0 Offset:0 Angle:0 Sensors dist: 8190, 8190, 8190, 8190
Jetson Distance:0 Offset:0 Angle:0 Sensors dist: 8190, 8190, 8190, 8190
Jetson Distance:0 Offset:0 Angle:0 Sensors dist: 8190, 8190, 8190, 8190
Jetson Distance:0 Offset:0 Angle:0 Sensors dist: 8190, 8190, 8190, 8190
Jetson Distance:0 Offset:0 Angle:0 Sensors dist: 8190, 8190, 8190, 8190
Jetson Distance:0 Offset:0 Angle:0 Sensors dist: 8190, 8190, 8190, 8190
Jetson Distance:0 Offset:0 Angle:0 Sensors dist: 8190, 8190, 8190, 8190
Jetson Distance:0 Offset:0 Angle:0 Sensors dist: 8190, 8190, 8190, 8190
Jetson Distance:0 Offset:0 Angle:0 Sensors dist: 8190, 8190, 8190, 8190
Jetson Distance:0 Offset:0 Angle:0 Sensors dist: 8190, 8190, 8190, 8190
Jetson Distance:0 Offset:0 Angle:0 Sensors dist: 8190, 8190, 8190, 8190
Jetson Distance:0 Offset:0 Angle:0 Sensors dist: 8190, 8190, 8190, 8190
Jetson Distance:0 Offset:0 Angle:0 Sensors dist: 8190, 8190, 8190, 8190
Jetson Distance:0 Offset:0 Angle:0 Sensors dist: 8190, 8190, 8190, 8190
Jetson Distance:0 Offset:0 Angle:0 Sensors dist: 8190, 8190, 8190, 8190
Jetson Distance:0 Offset:0 Angle:0 Sensors dist: 8190, 8190, 8190, 8190
Jetson Distance:0 Offset:0 Angle:0 Sensors dist: 8190, 8190, 8190, 8190
Jetson Distance:0 Offset:0 Angle:0 Sensors dist: 8190, 8190, 8190, 8190
Jetson Distance:0 Offset:0 Angle:0 Sensors dist: 8190, 8190, 8190, 8190
Jetson Distance:0 Offset:0 Angle:0 Sensors dist: 8190, 8190, 8190, 8190
Jetson Distance:0 Offset:0 Angle:0 Sensors dist: 8190, 8190, 8190, 8190
Jetson Distance:0 Offset:0 Angle:0 Sensors dist: 8190, 8190, 8190, 8190
Jetson Distance:0 Offset:0 Angle:0 Sensors dist: 8190, 8190, 8190, 8190
Jetson Distance:0 Offset:0 Angle:0 Sensors dist: 8190, 8190, 8190, 8190
Jetson Distance:0 Offset:0 Angle:0 Sensors dist: 8190, 8190, 8190, 8190
Jetson Distance:0 Offset:0 Angle:0 Sensors dist: 8190, 8190, 8190, 8190
Jetson Distance:0 Offset:0 Angle:0 Sensors dist: 8190, 8190, 8190, 8190
Jetson Distance:0 Offset:0 Angle:0 Sensors dist: 8190, 8190, 8190, 8190
Jetson Distance:0 Offset:0 Angle:0 Sensors dist: 8190, 8190, 8190, 8190
Jetson Distance:0 Offset:0 Angle:0 Sensors dist: 8190, 8190, 8190, 8190
Jetson Distance:0 Offset:0 Angle:0 Sensors dist: 8190, 8190, 8190, 8190
Jetson Distance:0 Offset:0 Angle:0 Sensors dist: 8190, 8190, 8190, 8190
Jetson Distance:0 Offset:0 Angle:0 Sensors dist: 8190, 8190, 8190, 8190
Jetson Distance:0 Offset:0 Angle:0 Sensors dist: 8190, 8190, 8190, 8190
Jetson Distance:0 Offset:0 Angle:0 Sensors dist: 8190, 8190, 8190, 8190
Jetson Distance:0 Offset:0 Angle:0 Sensors dist: 8190, 8190, 8190, 8190
Jetson Distance:0 Offset:0 Angle:0 Sensors dist: 8190, 8190, 8190, 8190
Jetson Distance:0 Offset:0 Angle:0 Sensors dist: 8190, 8190, 8190, 8190
Jetson Distance:0 Offset:0 Angle:0 Sensors dist: 8190, 8190, 8190, 8190
Jetson Distance:0 Offset:0 Angle:0 Sensors dist: 8190, 8190, 8190, 8190
Jetson Distance:0 Offset:0 Angle:0 Sensors dist: 8190, 8190, 8190, 8190
Jetson Distance:0 Offset:0 Angle:0 Sensors dist: 8190, 8190, 8190, 8190
Jetson Distance:0 Offset:0 Angle:0 Sensors dist: 8190, 8190, 8190, 8190
Jetson Distance:0 Offset:0 Angle:0 Sensors dist: 8190, 8190, 8190, 8190
Jetson Distance:0 Offset:0 Angle:0 Sensors dist: 8190, 8190, 8190, 8190
Jetson Distance:0 Offset:0 Angle:0 Sensors dist: 8190, 8190, 8190, 8190
Jetson Distance:0 Offset:0 Angle:0 Sensors dist: 8190, 8190, 8190, 8190
Jetson Distance:0 Offset:0 Angle:0 Sensors dist: 8190, 8190, 8190, 8190
Jetson Distance:0 Offset:0 Angle:0 Sensors dist: 8190, 8190, 8190, 8190
Jetson Distance:0 Offset:0 Angle:0 Sensors dist: 8190, 8190, 8190, 8190
Jetson Distance:0 Offset:0 Angle:0 Sensors dist: 8190, 8190, 8190, 8190
Jetson Distance:0 Offset:0 Angle:0 Sensors dist: 8190, 8190, 8190, 8190
Jetson Distance:0 Offset:0 Angle:0 Sensors dist: 8190, 8190, 8190, 8190
Jetson Distance:0 Offset:0 Angle:0 Sensors dist: 8190, 8190, 8190, 8190
Jetson Distance:0 Offset:0 Angle:0 Sensors dist: 8190, 8190, 8190, 8190
Jetson Distance:0 Offset:0 Angle:0 Sensors dist: 8190, 8190, 8190, 8190
Jetson Distance:0 Offset:0 Angle:0 Sensors dist: 8190, 8190, 8190, 8190
Jetson Distance:0 Offset:0 Angle:0 Sensors dist: 8190, 8190, 8190, 8190
Jetson Distance:0 Offset:0 Angle:0 Sensors dist: 8190, 8190, 8190, 8190
Jetson Distance:0 Offset:0 Angle:0 Sensors dist: 8190, 8190, 8190, 8190
Jetson Distance:0 Offset:0 Angle:0 Sensors dist: 8190, 8190, 8190, 8190
Jetson Distance:0 Offset:0 Angle:0 Sensors dist: 8190, 8190, 8190, 8190
Jetson Distance:0 Offset:0 Angle:0 Sensors dist: 8190, 8190, 8190, 8190
Jetson Distance:0 Offset:0 Angle:0 Sensors dist: 8190, 8190, 8190, 8190
Jetson Distance:0 Offset:0 Angle:0 Sensors dist: 8190, 8190, 8190, 8190
Jetson Distance:0 Offset:0 Angle:0 Sensors dist: 8190, 8190, 8190, 8190
Jetson Distance:0 Offset:0 Angle:0 Sensors dist: 8190, 8190, 8190, 8190
Jetson Distance:0 Offset:0 Angle:0 Sensors dist: 8190, 8190, 8190, 8190
Jetson Distance:0 Offset:0 Angle:0 Sensors dist: 8190, 8190, 8190, 8190
Jetson Distance:0 Offset:0 Angle:0 Sensors dist: 8190, 8190, 8190, 8190
Jetson Distance:0 Offset:0 Angle:0 Sensors dist: 8190, 8190, 8190, 8190
Jetson Distance:0 Offset:0 Angle:0 Sensors dist: 8190, 8190, 8190, 8190
Jetson Distance:0 Offset:0 Angle:0 Sensors dist: 8190, 8190, 8190, 8190
Jetson Distance:0 Offset:0 Angle:0 Sensors dist: 8190, 8190, 8190, 8190
Jetson Distance:0 Offset:0 Angle:0 Sensors dist: 8190, 8190, 8190, 8190
Jetson Distance:0 Offset:0 Angle:0 Sensors dist: 8190, 8190, 8190, 8190
Jetson Distance:0 Offset:0 Angle:0 Sensors dist: 8190, 8190, 8190, 8190
Jetson Distance:0 Offset:0 Angle:0 Sensors dist: 8190, 8190, 8190, 8190
Jetson Distance:0 Offset:0 Angle:0 Sensors dist: 8190, 8190, 8190, 8190
Jetson Distance:0 Offset:0 Angle:0 Sensors dist: 8190, 8190, 8190, 8190
Jetson Distance:0 Offset:0 Angle:0 Sensors dist: 8190, 8190, 8190, 8190
Jetson Distance:0 Offset:0 Angle:0 Sensors dist: 8190, 8190, 8190, 8190
Jetson Distance:0 Offset:0 Angle:0 Sensors dist: 8190, 8190, 8190, 8190
Jetson Distance:0 Offset:0 Angle:0 Sensors dist: 8190, 8190, 8190, 8190
Jetson Distance:0 Offset:0 Angle:0 Sensors dist: 8190, 8190, 8190, 8190
Jetson Distance:0 Offset:0 Angle:0 Sensors dist: 8190, 8190, 8190, 8190
Jetson Distance:0 Offset:0 Angle:0 Sensors dist: 8190, 8190, 8190, 8190
Jetson Distance:0 Offset:0 Angle:0 Sensors dist: 8190, 8190, 8190, 8190
Jetson Distance:0 Offset:0 Angle:0 Sensors dist: 8190, 8190, 8190, 8190
Jetson Distance:0 Offset:0 Angle:0 Sensors dist: 8190, 8190, 8190, 8190
Jetson Distance:0 Offset:0 Angle:0 Sensors dist: 8190, 8190, 8190, 8190
Jetson Distance:0 Offset:0 Angle:0 Sensors dist: 8190, 8190, 8190, 8190
Jetson Distance:0 Offset:0 Angle:0 Sensors dist: 8190, 8190, 8190, 8190
Jetson Distance:0 Offset:0 Angle:0 Sensors dist: 8190, 8190, 8190, 8190
Jetson Distance:0 Offset:0 Angle:0 Sensors dist: 8190, 8190, 8190, 8190
Jetson Distance:0 Offset:0 Angle:0 Sensors dist: 8190, 8190, 8190, 8190
Jetson Distance:0 Offset:0 Angle:0 Sensors dist: 8190, 8190, 8190, 8190
Jetson Distance:0 Offset:0 Angle:0 Sensors dist: 8190, 8190, 8190, 8190
Jetson Distance:0 Offset:0 Angle:0 Sensors dist: 8190, 8190, 8190, 8190
Jetson Distance:0 Offset:0 Angle:0 Sensors dist: 8190, 8190, 8190, 8190
Jetson Distance:0 Offset:0 Angle:0 Sensors dist: 8190, 8190, 8190, 8190
Jetson Distance:0 Offset:0 Angle:0 Sensors dist: 8190, 8190, 8190, 8190
Jetson Distance:0 Offset:0 Angle:0 Sensors dist: 8190, 8190, 8190, 8190
Jetson Distance:0 Offset:0 Angle:0 Sensors dist: 8190, 8190, 8190, 8190
Jetson Distance:0 Offset:0 Angle:0 Sensors dist: 8190, 8190, 8190, 8190
Jetson Distance:0 Offset:0 Angle:0 Sensors dist: 8190, 8190, 8190, 8190
Jetson Distance:0 Offset:0 Angle:0 Sensors dist: 8190, 8190, 8190, 8190
Jetson Distance:0 Offset:0 Angle:0 Sensors dist: 8190, 8190, 8190, 8190
Jetson Distance:0 Offset:0 Angle:0 Sensors dist: 8190, 8190, 8190, 8190
Jetson Distance:0 Offset:0 Angle:0 Sensors dist: 8190, 8190, 8190, 8190
Jetson Distance:0 Offset:0 Angle:0 Sensors dist: 8190, 8190, 8190, 8190
Jetson Distance:0 Offset:0 Angle:0 Sensors dist: 8190, 8190, 8190, 8190
Jetson Distance:0 Offset:0 Angle:0 Sensors dist: 8190, 8190, 8190, 8190
Jetson Distance:0 Offset:0 Angle:0 Sensors dist: 8190, 8190, 8190, 8190
Jetson Distance:0 Offset:0 Angle:0 Sensors dist: 8190, 8190, 8190, 8190
Jetson Distance:0 Offset:0 Angle:0 Sensors dist: 8190, 8190, 8190, 8190
Jetson Distance:0 Offset:0 Angle:0 Sensors dist: 8190, 8190, 8190, 8190
Jetson Distance:0 Offset:0 Angle:0 Sensors dist: 8190, 8190, 8190, 8190
Jetson Distance:0 Offset:0 Angle:0 Sensors dist: 8190, 8190, 8190, 8190
Jetson Distance:0 Offset:0 Angle:0 Sensors dist: 8190, 8190, 8190, 8190
Jetson Distance:0 Offset:0 Angle:0 Sensors dist: 8190, 8190, 8190, 8190
Jetson Distance:0 Offset:0 Angle:0 Sensors dist: 8190, 8190, 8190, 8190
Jetson Distance:0 Offset:0 Angle:0 Sensors dist: 8190, 8190, 8190, 8190
Jetson Distance:0 Offset:0 Angle:0 Sensors dist: 8190, 8190, 8190, 8190
Jetson Distance:0 Offset:0 Angle:0 Sensors dist: 8190, 8190, 8190, 8190
Jetson Distance:0 Offset:0 Angle:0 Sensors dist: 8190, 8190, 8190, 8190
Jetson Distance:0 Offset:0 Angle:0 Sensors dist: 8190, 8190, 8190, 8190
Jetson Distance:0 Offset:0 Angle:0 Sensors dist: 8190, 8190, 8190, 8190
Jetson Distance:0 Offset:0 Angle:0 Sensors dist: 8190, 8190, 8190, 8190
Jetson Distance:0 Offset:0 Angle:0 Sensors dist: 8190, 8190, 8190, 8190
Jetson Distance:0 Offset:0 Angle:0 Sensors dist: 8190, 8190, 8190, 8190
Jetson Distance:0 Offset:0 Angle:0 Sensors dist: 8190, 8190, 8190, 8190
Jetson Distance:0 Offset:0 Angle:0 Sensors dist: 8190, 8190, 8190, 8190
Jetson Distance:0 Offset:0 Angle:0 Sensors dist: 8190, 8190, 8190, 8190
Jetson Distance:0 Offset:0 Angle:0 Sensors dist: 8190, 8190, 8190, 8190
Jetson Distance:0 Offset:0 Angle:0 Sensors dist: 8190, 8190, 8190, 8190
Jetson Distance:0 Offset:0 Angle:0 Sensors dist: 8190, 8190, 8190, 8190
Jetson Distance:0 Offset:0 Angle:0 Sensors dist: 8190, 8190, 8190, 8190
Jetson Distance:0 Offset:0 Angle:0 Sensors dist: 8190, 8190, 8190, 8190
Jetson Distance:0 Offset:0 Angle:0 Sensors dist: 8190, 8190, 8190, 8190
Jetson Distance:0 Offset:0 Angle:0 Sensors dist: 8190, 8190, 8190, 8190
Jetson Distance:0 Offset:0 Angle:0 Sensors dist: 8190, 8190, 8190, 8190
Jetson Distance:0 Offset:0 Angle:0 Sensors dist: 8190, 8190, 8190, 8190
Jetson Distance:0 Offset:0 Angle:0 Sensors dist: 8190, 8190, 8190, 8190
Jetson Distance:0 Offset:0 Angle:0 Sensors dist: 8190, 8190, 8190, 8190
Jetson Distance:0 Offset:0 Angle:0 Sensors dist: 8190, 8190, 8190, 8190
Jetson Distance:0 Offset:0 Angle:0 Sensors dist: 8190, 8190, 8190, 8190
Jetson Distance:0 Offset:0 Angle:0 Sensors dist: 8190, 8190, 8190, 8190
Jetson Distance:0 Offset:0 Angle:0 Sensors dist: 8190, 8190, 8190, 8190
Jetson Distance:0 Offset:0 Angle:0 Sensors dist: 8190, 8190, 8190, 8190
Jetson Distance:0 Offset:0 Angle:0 Sensors dist: 8190, 8190, 8190, 8190
Jetson Distance:0 Offset:0 Angle:0 Sensors dist: 8190, 8190, 8190, 8190
Jetson Distance:0 Offset:0 Angle:0 Sensors dist: 8190, 8190, 8190, 8190
Jetson Distance:0 Offset:0 Angle:0 Sensors dist: 8190, 8190, 8190, 8190
Jetson Distance:0 Offset:0 Angle:0 Sensors dist: 8190, 8190, 8190, 8190
Jetson Distance:0 Offset:0 Angle:0 Sensors dist: 8190, 8190, 8190, 8190
Jetson Distance:0 Offset:0 Angle:0 Sensors dist: 8190, 8190, 8190, 8190
Jetson Distance:0 Offset:0 Angle:0 Sensors dist: 8190, 8190, 8190, 8190
Jetson Distance:0 Offset:0 Angle:0 Sensors dist: 8190, 8190, 8190, 8190
Jetson Distance:0 Offset:0 Angle:0 Sensors dist: 8190, 8190, 8190, 8190
Jetson Distance:0 Offset:0 Angle:0 Sensors dist: 8190, 8190, 8190, 8190
Jetson Distance:0 Offset:0 Angle:0 Sensors dist: 8190, 8190, 8190, 8190
Jetson Distance:0 Offset:0 Angle:0 Sensors dist: 8190, 8190, 8190, 8190
Jetson Distance:0 Offset:0 Angle:0 Sensors dist: 8190, 8190, 8190, 8190
Jetson Distance:0 Offset:0 Angle:0 Sensors dist: 8190, 8190, 8190, 8190
Jetson Distance:0 Offset:0 Angle:0 Sensors dist: 8190, 8190, 8190, 8190
Jetson Distance:0 Offset:0 Angle:0 Sensors dist: 8190, 8190, 8190, 8190
Jetson Distance:0 Offset:0 Angle:0 Sensors dist: 8190, 8190, 8190, 8190
Jetson Distance:0 Offset:0 Angle:0 Sensors dist: 8190, 8190, 8190, 8190
Jetson Distance:0 Offset:0 Angle:0 Sensors dist: 8190, 8190, 8190, 8190
Jetson Distance:0 Offset:0 Angle:0 Sensors dist: 8190, 8190, 8190, 8190
Jetson Distance:0 Offset:0 Angle:0 Sensors dist: 8190, 8190, 8190, 8190
Jetson Distance:0 Offset:0 Angle:0 Sensors dist: 8190, 8190, 8190, 8190
Jetson Distance:0 Offset:0 Angle:0 Sensors dist: 8190, 8190, 8190, 8190
Jetson Distance:0 Offset:0 Angle:0 Sensors dist: 8190, 8190, 8190, 8190
Jetson Distance:0 Offset:0 Angle:0 Sensors dist: 8190, 8190, 8190, 8190
Jetson Distance:0 Offset:0 Angle:0 Sensors dist: 8190, 8190, 8190, 8190
Jetson Distance:0 Offset:0 Angle:0 Sensors dist: 8190, 8190, 8190, 8190
Jetson Distance:0 Offset:0 Angle:0 Sensors dist: 8190, 8190, 8190, 8190
Jetson Distance:0 Offset:0 Angle:0 Sensors dist: 8190, 8190, 8190, 8190
Jetson Distance:0 Offset:0 Angle:0 Sensors dist: 8190, 8190, 8190, 8190
Jetson Distance:0 Offset:0 Angle:0 Sensors dist: 8190, 8190, 8190, 8190
Jetson Distance:0 Offset:0 Angle:0 Sensors dist: 8190, 8190, 8190, 8190
Jetson Distance:0 Offset:0 Angle:0 Sensors dist: 8190, 8190, 8190, 8190
Jetson Distance:0 Offset:0 Angle:0 Sensors dist: 8190, 8190, 8190, 8190
Jetson Distance:0 Offset:0 Angle:0 Sensors dist: 8190, 8190, 8190, 8190
Jetson Distance:0 Offset:0 Angle:0 Sensors dist: 8190, 8190, 8190, 8190
Jetson Distance:0 Offset:0 Angle:0 Sensors dist: 8190, 8190, 8190, 8190
Jetson Distance:0 Offset:0 Angle:0 Sensors dist: 8190, 8190, 8190, 8190
Jetson Distance:0 Offset:0 Angle:0 Sensors dist: 8190, 8190, 8190, 8190
Jetson Distance:0 Offset:0 Angle:0 Sensors dist: 8190, 8190, 8190, 8190
Jetson Distance:0 Offset:0 Angle:0 Sensors dist: 8190, 8190, 8190, 8190
Jetson Distance:0 Offset:0 Angle:0 Sensors dist: 8190, 8190, 8190, 8190
Jetson Distance:0 Offset:0 Angle:0 Sensors dist: 8190, 8190, 8190, 8190
Jetson Distance:0 Offset:0 Angle:0 Sensors dist: 8190, 8190, 8190, 8190
Jetson Distance:0 Offset:0 Angle:0 Sensors dist: 8190, 8190, 8190, 8190
Jetson Distance:0 Offset:0 Angle:0 Sensors dist: 8190, 8190, 8190, 8190
Jetson Distance:0 Offset:0 Angle:0 Sensors dist: 8190, 8190, 8190, 8190
Jetson Distance:0 Offset:0 Angle:0 Sensors dist: 8190, 8190, 8190, 8190
Jetson Distance:0 Offset:0 Angle:0 Sensors dist: 8190, 8190, 8190, 8190
Jetson Distance:0 Offset:0 Angle:0 Sensors dist: 8190, 8190, 8190, 8190
Jetson Distance:0 Offset:0 Angle:0 Sensors dist: 8190, 8190, 8190, 8190
Jetson Distance:0 Offset:0 Angle:0 Sensors dist: 8190, 8190, 8190, 8190
Jetson Distance:0 Offset:0 Angle:0 Sensors dist: 8190, 8190, 8190, 8190
Jetson Distance:0 Offset:0 Angle:0 Sensors dist: 8190, 8190, 8190, 8190
Jetson Distance:0 Offset:0 Angle:0 Sensors dist: 8190, 8190, 8190, 8190
Jetson Distance:0 Offset:0 Angle:0 Sensors dist: 8190, 8190, 8190, 8190
Jetson Distance:0 Offset:0 Angle:0 Sensors dist: 8190, 8190, 8190, 8190
Jetson Distance:0 Offset:0 Angle:0 Sensors dist: 8190, 8190, 8190, 8190
Jetson Distance:0 Offset:0 Angle:0 Sensors dist: 8190, 8190, 8190, 8190
Jetson Distance:0 Offset:0 Angle:0 Sensors dist: 8190, 8190, 8190, 8190
Jetson Distance:0 Offset:0 Angle:0 Sensors dist: 8190, 8190, 8190, 8190
Jetson Distance:0 Offset:0 Angle:0 Sensors dist: 8190, 8190, 8190, 8190
Jetson Distance:0 Offset:0 Angle:0 Sensors dist: 8190, 8190, 8190, 8190
Jetson Distance:0 Offset:0 Angle:0 Sensors dist: 8190, 8190, 8190, 8190
Jetson Distance:0 Offset:0 Angle:0 Sensors dist: 8190, 8190, 8190, 8190
Jetson Distance:0 Offset:0 Angle:0 Sensors dist: 8190, 8190, 8190, 8190
Jetson Distance:0 Offset:0 Angle:0 Sensors dist: 8190, 8190, 8190, 8190
Jetson Distance:0 Offset:0 Angle:0 Sensors dist: 8190, 8190, 8190, 8190
Jetson Distance:0 Offset:0 Angle:0 Sensors dist: 8190, 8190, 8190, 8190
Jetson Distance:0 Offset:0 Angle:0 Sensors dist: 8190, 8190, 8190, 8190
Jetson Distance:0 Offset:0 Angle:0 Sensors dist: 8190, 8190, 8190, 8190
Jetson Distance:0 Offset:0 Angle:0 Sensors dist: 8190, 8190, 8190, 8190
Jetson Distance:0 Offset:0 Angle:0 Sensors dist: 8190, 8190, 8190, 8190
Jetson Distance:0 Offset:0 Angle:0 Sensors dist: 8190, 8190, 8190, 8190
Jetson Distance:0 Offset:0 Angle:0 Sensors dist: 8190, 8190, 8190, 8190
Jetson Distance:0 Offset:0 Angle:0 Sensors dist: 8190, 8190, 8190, 8190
Jetson Distance:0 Offset:0 Angle:0 Sensors dist: 8190, 8190, 8190, 8190
Jetson Distance:0 Offset:0 Angle:0 Sensors dist: 8190, 8190, 8190, 8190
Jetson Distance:0 Offset:0 Angle:0 Sensors dist: 8190, 8190, 8190, 8190
Jetson Distance:0 Offset:0 Angle:0 Sensors dist: 8190, 8190, 8190, 8190
Jetson Distance:0 Offset:0 Angle:0 Sensors dist: 8190, 8190, 8190, 8190
Jetson Distance:0 Offset:0 Angle:0 Sensors dist: 8190, 8190, 8190, 8190
Jetson Distance:0 Offset:0 Angle:0 Sensors dist: 8190, 8190, 8190, 8190
Jetson Distance:0 Offset:0 Angle:0 Sensors dist: 8190, 8190, 8190, 8190
Jetson Distance:0 Offset:0 Angle:0 Sensors dist: 8190, 8190, 8190, 8190
Jetson Distance:0 Offset:0 Angle:0 Sensors dist: 8190, 8190, 8190, 8190
Jetson Distance:0 Offset:0 Angle:0 Sensors dist: 8190, 8190, 8190, 8190
Jetson Distance:0 Offset:0 Angle:0 Sensors dist: 8190, 8190, 8190, 8190
Jetson Distance:0 Offset:0 Angle:0 Sensors dist: 8190, 8190, 8190, 8190
Jetson Distance:0 Offset:0 Angle:0 Sensors dist: 8190, 8190, 8190, 8190
Jetson Distance:0 Offset:0 Angle:0 Sensors dist: 8190, 8190, 8190, 8190
Jetson Distance:0 Offset:0 Angle:0 Sensors dist: 8190, 8190, 8190, 8190
Jetson Distance:0 Offset:0 Angle:0 Sensors dist: 8190, 8190, 8190, 8190
Jetson Distance:0 Offset:0 Angle:0 Sensors dist: 8190, 8190, 8190, 8190
Jetson Distance:0 Offset:0 Angle:0 Sensors dist: 8190, 8190, 8190, 8190
Jetson Distance:0 Offset:0 Angle:0 Sensors dist: 8190, 8190, 8190, 8190
Jetson Distance:0 Offset:0 Angle:0 Sensors dist: 8190, 8190, 8190, 8190
Jetson Distance:0 Offset:0 Angle:0 Sensors dist: 8190, 8190, 8190, 8190
Jetson Distance:0 Offset:0 Angle:0 Sensors dist: 8190, 8190, 8190, 8190
Jetson Distance:0 Offset:0 Angle:0 Sensors dist: 8190, 8190, 8190, 8190
Jetson Distance:0 Offset:0 Angle:0 Sensors dist: 8190, 8190, 8190, 8190
Jetson Distance:0 Offset:0 Angle:0 Sensors dist: 8190, 8190, 8190, 8190
Jetson Distance:0 Offset:0 Angle:0 Sensors dist: 8190, 8190, 8190, 8190
Jetson Distance:0 Offset:0 Angle:0 Sensors dist: 8190, 8190, 8190, 8190
Jetson Distance:0 Offset:0 Angle:0 Sensors dist: 8190, 8190, 8190, 8190
Jetson Distance:0 Offset:0 Angle:0 Sensors dist: 8190, 8190, 8190, 8190
Jetson Distance:0 Offset:0 Angle:0 Sensors dist: 8190, 8190, 8190, 8190
Jetson Distance:0 Offset:0 Angle:0 Sensors dist: 8190, 8190, 8190, 8190
Jetson Distance:0 Offset:0 Angle:0 Sensors dist: 8190, 8190, 8190, 8190
Jetson Distance:0 Offset:0 Angle:0 Sensors dist: 8190, 8190, 8190, 8190
Jetson Distance:0 Offset:0 Angle:0 Sensors dist: 8190, 8190, 8190, 8190
Jetson Distance:0 Offset:0 Angle:0 Sensors dist: 8190, 8190, 8190, 8190
Jetson Distance:0 Offset:0 Angle:0 Sensors dist: 8190, 8190, 8190, 8190
Jetson Distance:0 Offset:0 Angle:0 Sensors dist: 8190, 8190, 8190, 8190
Jetson Distance:0 Offset:0 Angle:0 Sensors dist: 8190, 8190, 8190, 8190
Jetson Distance:0 Offset:0 Angle:0 Sensors dist: 8190, 8190, 8190, 8190
Jetson Distance:0 Offset:0 Angle:0 Sensors dist: 8190, 8190, 8190, 8190
Jetson Distance:0 Offset:0 Angle:0 Sensors dist: 8190, 8190, 8190, 8190
Jetson Distance:0 Offset:0 Angle:0 Sensors dist: 8190, 8190, 8190, 8190
Jetson Distance:0 Offset:0 Angle:0 Sensors dist: 8190, 8190, 8190, 8190
Jetson Distance:0 Offset:0 Angle:0 Sensors dist: 8190, 8190, 8190, 8190
Jetson Distance:0 Offset:0 Angle:0 Sensors dist: 8190, 8190, 8190, 8190
Jetson Distance:0 Offset:0 Angle:0 Sensors dist: 8190, 8190, 8190, 8190
Jetson Distance:0 Offset:0 Angle:0 Sensors dist: 8190, 8190, 8190, 8190
Jetson Distance:0 Offset:0 Angle:0 Sensors dist: 8190, 8190, 8190, 8190
Jetson Distance:0 Offset:0 Angle:0 Sensors dist: 8190, 8190, 8190, 8190
Jetson Distance:0 Offset:0 Angle:0 Sensors dist: 8190, 8190, 8190, 8190
Jetson Distance:0 Offset:0 Angle:0 Sensors dist: 8190, 8190, 8190, 8190
Jetson Distance:0 Offset:0 Angle:0 Sensors dist: 8190, 8190, 8190, 8190
Jetson Distance:0 Offset:0 Angle:0 Sensors dist: 8190, 8190, 8190, 8190
Jetson Distance:0 Offset:0 Angle:0 Sensors dist: 8190, 8190, 8190, 8190
Jetson Distance:0 Offset:0 Angle:0 Sensors dist: 8190, 8190, 8190, 8190
Jetson Distance:0 Offset:0 Angle:0 Sensors dist: 8190, 8190, 8190, 8190
Jetson Distance:0 Offset:0 Angle:0 Sensors dist: 8190, 8190, 8190, 8190
Jetson Distance:0 Offset:0 Angle:0 Sensors dist: 8190, 8190, 8190, 8190
Jetson Distance:0 Offset:0 Angle:0 Sensors dist: 8190, 8190, 8190, 8190
Jetson Distance:0 Offset:0 Angle:0 Sensors dist: 8190, 8190, 8190, 8190
Jetson Distance:0 Offset:0 Angle:0 Sensors dist: 8190, 8190, 8190, 8190
Jetson Distance:0 Offset:0 Angle:0 Sensors dist: 8190, 8190, 8190, 8190
Jetson Distance:0 Offset:0 Angle:0 Sensors dist: 8190, 8190, 8190, 8190
Jetson Distance:0 Offset:0 Angle:0 Sensors dist: 8190, 8190, 8190, 8190
Jetson Distance:0 Offset:0 Angle:0 Sensors dist: 8190, 8190, 8190, 8190
Jetson Distance:0 Offset:0 Angle:0 Sensors dist: 8190, 8190, 8190, 8190
Jetson Distance:0 Offset:0 Angle:0 Sensors dist: 8190, 8190, 8190, 8190
Jetson Distance:0 Offset:0 Angle:0 Sensors dist: 8190, 8190, 8190, 8190
Jetson Distance:0 Offset:0 Angle:0 Sensors dist: 8190, 8190, 8190, 8190
Jetson Distance:0 Offset:0 Angle:0 Sensors dist: 8190, 8190, 8190, 8190
Jetson Distance:0 Offset:0 Angle:0 Sensors dist: 8190, 8190, 8190, 8190
Jetson Distance:0 Offset:0 Angle:0 Sensors dist: 8190, 8190, 8190, 8190
Jetson Distance:0 Offset:0 Angle:0 Sensors dist: 8190, 8190, 8190, 8190
Jetson Distance:0 Offset:0 Angle:0 Sensors dist: 8190, 8190, 8190, 8190
Jetson Distance:0 Offset:0 Angle:0 Sensors dist: 8190, 8190, 8190, 8190
Jetson Distance:0 Offset:0 Angle:0 Sensors dist: 8190, 8190, 8190, 8190
Jetson Distance:0 Offset:0 Angle:0 Sensors dist: 8190, 8190, 8190, 8190
Jetson Distance:0 Offset:0 Angle:0 Sensors dist: 8190, 8190, 8190, 8190
Jetson Distance:0 Offset:0 Angle:0 Sensors dist: 8190, 8190, 8190, 8190
Jetson Distance:0 Offset:0 Angle:0 Sensors dist: 8190, 8190, 8190, 8190
Jetson Distance:0 Offset:0 Angle:0 Sensors dist: 8190, 8190, 8190, 8190
Jetson Distance:0 Offset:0 Angle:0 Sensors dist: 8190, 8190, 8190, 8190
Jetson Distance:0 Offset:0 Angle:0 Sensors dist: 8190, 8190, 8190, 8190
Jetson Distance:0 Offset:0 Angle:0 Sensors dist: 8190, 8190, 8190, 8190
Jetson Distance:0 Offset:0 Angle:0 Sensors dist: 8190, 8190, 8190, 8190
Jetson Distance:0 Offset:0 Angle:0 Sensors dist: 8190, 8190, 8190, 8190
Jetson Distance:0 Offset:0 Angle:0 Sensors dist: 8190, 8190, 8190, 8190
Jetson Distance:0 Offset:0 Angle:0 Sensors dist: 8190, 8190, 8190, 8190
Jetson Distance:0 Offset:0 Angle:0 Sensors dist: 8190, 8190, 8190, 8190
Jetson Distance:0 Offset:0 Angle:0 Sensors dist: 8190, 8190, 8190, 8190
Jetson Distance:0 Offset:0 Angle:0 Sensors dist: 8190, 8190, 8190, 8190
Jetson Distance:0 Offset:0 Angle:0 Sensors dist: 8190, 8190, 8190, 8190
Jetson Distance:0 Offset:0 Angle:0 Sensors dist: 8190, 8190, 8190, 8190
Jetson Distance:0 Offset:0 Angle:0 Sensors dist: 8190, 8190, 8190, 8190
Jetson Distance:0 Offset:0 Angle:0 Sensors dist: 8190, 8190, 8190, 8190
Jetson Distance:0 Offset:0 Angle:0 Sensors dist: 8190, 8190, 8190, 8190
Jetson Distance:0 Offset:0 Angle:0 Sensors dist: 8190, 8190, 8190, 8190
Jetson Distance:0 Offset:0 Angle:0 Sensors dist: 8190, 8190, 8190, 8190
Jetson Distance:0 Offset:0 Angle:0 Sensors dist: 8190, 8190, 8190, 8190
Jetson Distance:0 Offset:0 Angle:0 Sensors dist: 8190, 8190, 8190, 8190
Jetson Distance:0 Offset:0 Angle:0 Sensors dist: 8190, 8190, 8190, 8190
Jetson Distance:0 Offset:0 Angle:0 Sensors dist: 8190, 8190, 8190, 8190
Jetson Distance:0 Offset:0 Angle:0 Sensors dist: 8190, 8190, 8190, 8190
Jetson Distance:0 Offset:0 Angle:0 Sensors dist: 8190, 8190, 8190, 8190
Jetson Distance:0 Offset:0 Angle:0 Sensors dist: 8190, 8190, 8190, 8190
Jetson Distance:0 Offset:0 Angle:0 Sensors dist: 8190, 8190, 8190, 8190
Jetson Distance:0 Offset:0 Angle:0 Sensors dist: 8190, 8190, 8190, 8190
Jetson Distance:0 Offset:0 Angle:0 Sensors dist: 8190, 8190, 8190, 8190
Jetson Distance:0 Offset:0 Angle:0 Sensors dist: 8190, 8190, 8190, 8190
Jetson Distance:0 Offset:0 Angle:0 Sensors dist: 8190, 8190, 8190, 8190
Jetson Distance:0 Offset:0 Angle:0 Sensors dist: 8190, 8190, 8190, 8190
Jetson Distance:0 Offset:0 Angle:0 Sensors dist: 8190, 8190, 8190, 8190
Jetson Distance:0 Offset:0 Angle:0 Sensors dist: 8190, 8190, 8190, 8190
Jetson Distance:0 Offset:0 Angle:0 Sensors dist: 8190, 8190, 8190, 8190
Jetson Distance:0 Offset:0 Angle:0 Sensors dist: 8190, 8190, 8190, 8190
Jetson Distance:0 Offset:0 Angle:0 Sensors dist: 8190, 8190, 8190, 8190
Jetson Distance:0 Offset:0 Angle:0 Sensors dist: 8190, 8190, 8190, 8190
Jetson Distance:0 Offset:0 Angle:0 Sensors dist: 8190, 8190, 8190, 8190
Jetson Distance:0 Offset:0 Angle:0 Sensors dist: 8190, 8190, 8190, 8190
Jetson Distance:0 Offset:0 Angle:0 Sensors dist: 8190, 8190, 8190, 8190
Jetson Distance:0 Offset:0 Angle:0 Sensors dist: 8190, 8190, 8190, 8190
Jetson Distance:0 Offset:0 Angle:0 Sensors dist: 8190, 8190, 8190, 8190
Jetson Distance:0 Offset:0 Angle:0 Sensors dist: 8190, 8190, 8190, 8190
Jetson Distance:0 Offset:0 Angle:0 Sensors dist: 8190, 8190, 8190, 8190
Jetson Distance:0 Offset:0 Angle:0 Sensors dist: 8190, 8190, 8190, 8190
Jetson Distance:0 Offset:0 Angle:0 Sensors dist: 8190, 8190, 8190, 8190
Jetson Distance:0 Offset:0 Angle:0 Sensors dist: 8190, 8190, 8190, 8190
Jetson Distance:0 Offset:0 Angle:0 Sensors dist: 8190, 8190, 8190, 8190
Jetson Distance:0 Offset:0 Angle:0 Sensors dist: 8190, 8190, 8190, 8190
Jetson Distance:0 Offset:0 Angle:0 Sensors dist: 8190, 8190, 8190, 8190
Jetson Distance:0 Offset:0 Angle:0 Sensors dist: 8190, 8190, 8190, 8190
Jetson Distance:0 Offset:0 Angle:0 Sensors dist: 8190, 8190, 8190, 8190
Jetson Distance:0 Offset:0 Angle:0 Sensors dist: 8190, 8190, 8190, 8190
Jetson Distance:0 Offset:0 Angle:0 Sensors dist: 8190, 8190, 8190, 8190
Jetson Distance:0 Offset:0 Angle:0 Sensors dist: 8190, 8190, 8190, 8190
Jetson Distance:0 Offset:0 Angle:0 Sensors dist: 8190, 8190, 8190, 8190
Jetson Distance:0 Offset:0 Angle:0 Sensors dist: 8190, 8190, 8190, 8190
Jetson Distance:0 Offset:0 Angle:0 Sensors dist: 8190, 8190, 8190, 8190
Jetson Distance:0 Offset:0 Angle:0 Sensors dist: 8190, 8190, 8190, 8190
Jetson Distance:0 Offset:0 Angle:0 Sensors dist: 8190, 8190, 8190, 8190
Jetson Distance:0 Offset:0 Angle:0 Sensors dist: 8190, 8190, 8190, 8190
Jetson Distance:0 Offset:0 Angle:0 Sensors dist: 8190, 8190, 8190, 8190
Jetson Distance:0 Offset:0 Angle:0 Sensors dist: 8190, 8190, 8190, 8190
Jetson Distance:0 Offset:0 Angle:0 Sensors dist: 8190, 8190, 8190, 8190
Jetson Distance:0 Offset:0 Angle:0 Sensors dist: 8190, 8190, 8190, 8190
Jetson Distance:0 Offset:0 Angle:0 Sensors dist: 8190, 8190, 8190, 8190
Jetson Distance:0 Offset:0 Angle:0 Sensors dist: 8190, 8190, 8190, 8190
Jetson Distance:0 Offset:0 Angle:0 Sensors dist: 8190, 8190, 8190, 8190
Jetson Distance:0 Offset:0 Angle:0 Sensors dist: 8190, 8190, 8190, 8190
Jetson Distance:0 Offset:0 Angle:0 Sensors dist: 8190, 8190, 8190, 8190
Jetson Distance:0 Offset:0 Angle:0 Sensors dist: 8190, 8190, 8190, 8190
Jetson Distance:0 Offset:0 Angle:0 Sensors dist: 8190, 8190, 8190, 8190
Jetson Distance:0 Offset:0 Angle:0 Sensors dist: 8190, 8190, 8190, 8190
Jetson Distance:0 Offset:0 Angle:0 Sensors dist: 8190, 8190, 8190, 8190
Jetson Distance:0 Offset:0 Angle:0 Sensors dist: 8190, 8190, 8190, 8190
Jetson Distance:0 Offset:0 Angle:0 Sensors dist: 8190, 8190, 8190, 8190
Jetson Distance:0 Offset:0 Angle:0 Sensors dist: 8190, 8190, 8190, 8190
Jetson Distance:0 Offset:0 Angle:0 Sensors dist: 8190, 8190, 8190, 8190
Jetson Distance:0 Offset:0 Angle:0 Sensors dist: 8190, 8190, 8190, 8190
Jetson Distance:0 Offset:0 Angle:0 Sensors dist: 8190, 8190, 8190, 8190
Jetson Distance:0 Offset:0 Angle:0 Sensors dist: 8190, 8190, 8190, 8190
Jetson Distance:0 Offset:0 Angle:0 Sensors dist: 8190, 8190, 8190, 8190
Jetson Distance:0 Offset:0 Angle:0 Sensors dist: 8190, 8190, 8190, 8190
Jetson Distance:0 Offset:0 Angle:0 Sensors dist: 8190, 8190, 8190, 8190
Jetson Distance:0 Offset:0 Angle:0 Sensors dist: 8190, 8190, 8190, 8190
Jetson Distance:0 Offset:0 Angle:0 Sensors dist: 8190, 8190, 8190, 8190
Jetson Distance:0 Offset:0 Angle:0 Sensors dist: 8190, 8190, 8190, 8190
Jetson Distance:0 Offset:0 Angle:0 Sensors dist: 8190, 8190, 8190, 8190
Jetson Distance:0 Offset:0 Angle:0 Sensors dist: 8190, 8190, 8190, 8190
Jetson Distance:0 Offset:0 Angle:0 Sensors dist: 8190, 8190, 8190, 8190
Jetson Distance:0 Offset:0 Angle:0 Sensors dist: 8190, 8190, 8190, 8190
Jetson Distance:0 Offset:0 Angle:0 Sensors dist: 8190, 8190, 8190, 8190
Jetson Distance:0 Offset:0 Angle:0 Sensors dist: 8190, 8190, 8190, 8190
Jetson Distance:0 Offset:0 Angle:0 Sensors dist: 8190, 8190, 8190, 8190
Jetson Distance:0 Offset:0 Angle:0 Sensors dist: 8190, 8190, 8190, 8190
Jetson Distance:0 Offset:0 Angle:0 Sensors dist: 8190, 8190, 8190, 8190
Jetson Distance:0 Offset:0 Angle:0 Sensors dist: 8190, 8190, 8190, 8190
Jetson Distance:0 Offset:0 Angle:0 Sensors dist: 8190, 8190, 8190, 8190
Jetson Distance:0 Offset:0 Angle:0 Sensors dist: 8190, 8190, 8190, 8190
Jetson Distance:0 Offset:0 Angle:0 Sensors dist: 8190, 8190, 8190, 8190
Jetson Distance:0 Offset:0 Angle:0 Sensors dist: 8190, 8190, 8190, 8190
Jetson Distance:0 Offset:0 Angle:0 Sensors dist: 8190, 8190, 8190, 8190
Jetson Distance:0 Offset:0 Angle:0 Sensors dist: 8190, 8190, 8190, 8190
Jetson Distance:0 Offset:0 Angle:0 Sensors dist: 8190, 8190, 8190, 8190
Jetson Distance:0 Offset:0 Angle:0 Sensors dist: 8190, 8190, 8190, 8190
Jetson Distance:0 Offset:0 Angle:0 Sensors dist: 8190, 8190, 8190, 8190
Jetson Distance:0 Offset:0 Angle:0 Sensors dist: 8190, 8190, 8190, 8190
Jetson Distance:0 Offset:0 Angle:0 Sensors dist: 8190, 8190, 8190, 8190
Jetson Distance:0 Offset:0 Angle:0 Sensors dist: 8190, 8190, 8190, 8190
Jetson Distance:0 Offset:0 Angle:0 Sensors dist: 8190, 8190, 8190, 8190
Jetson Distance:0 Offset:0 Angle:0 Sensors dist: 8190, 8190, 8190, 8190
Jetson Distance:0 Offset:0 Angle:0 Sensors dist: 8190, 8190, 8190, 8190
Jetson Distance:0 Offset:0 Angle:0 Sensors dist: 8190, 8190, 8190, 8190
Jetson Distance:0 Offset:0 Angle:0 Sensors dist: 8190, 8190, 8190, 8190
Jetson Distance:0 Offset:0 Angle:0 Sensors dist: 8190, 8190, 8190, 8190
Jetson Distance:0 Offset:0 Angle:0 Sensors dist: 8190, 8190, 8190, 8190
Jetson Distance:0 Offset:0 Angle:0 Sensors dist: 8190, 8190, 8190, 8190
Jetson Distance:0 Offset:0 Angle:0 Sensors dist: 8190, 8190, 8190, 8190
Jetson Distance:0 Offset:0 Angle:0 Sensors dist: 8190, 8190, 8190, 8190
Jetson Distance:0 Offset:0 Angle:0 Sensors dist: 8190, 8190, 8190, 8190
Jetson Distance:0 Offset:0 Angle:0 Sensors dist: 8190, 8190, 8190, 8190
Jetson Distance:0 Offset:0 Angle:0 Sensors dist: 8190, 8190, 8190, 8190
Jetson Distance:0 Offset:0 Angle:0 Sensors dist: 8190, 8190, 8190, 8190
Jetson Distance:0 Offset:0 Angle:0 Sensors dist: 8190, 8190, 8190, 8190
Jetson Distance:0 Offset:0 Angle:0 Sensors dist: 8190, 8190, 8190, 8190
Jetson Distance:0 Offset:0 Angle:0 Sensors dist: 8190, 8190, 8190, 8190
Jetson Distance:0 Offset:0 Angle:0 Sensors dist: 8190, 8190, 8190, 8190
Jetson Distance:0 Offset:0 Angle:0 Sensors dist: 8190, 8190, 8190, 8190
Jetson Distance:0 Offset:0 Angle:0 Sensors dist: 8190, 8190, 8190, 8190
Jetson Distance:0 Offset:0 Angle:0 Sensors dist: 8190, 8190, 8190, 8190
Jetson Distance:0 Offset:0 Angle:0 Sensors dist: 8190, 8190, 8190, 8190
Jetson Distance:0 Offset:0 Angle:0 Sensors dist: 8190, 8190, 8190, 8190
Jetson Distance:0 Offset:0 Angle:0 Sensors dist: 8190, 8190, 8190, 8190
Jetson Distance:0 Offset:0 Angle:0 Sensors dist: 8190, 8190, 8190, 8190
Jetson Distance:0 Offset:0 Angle:0 Sensors dist: 8190, 8190, 8190, 8190
Jetson Distance:0 Offset:0 Angle:0 Sensors dist: 8190, 8190, 8190, 8190
Jetson Distance:0 Offset:0 Angle:0 Sensors dist: 8190, 8190, 8190, 8190
Jetson Distance:0 Offset:0 Angle:0 Sensors dist: 8190, 8190, 8190, 8190
Jetson Distance:0 Offset:0 Angle:0 Sensors dist: 8190, 8190, 8190, 8190
Jetson Distance:0 Offset:0 Angle:0 Sensors dist: 8190, 8190, 8190, 8190
Jetson Distance:0 Offset:0 Angle:0 Sensors dist: 8190, 8190, 8190, 8190
Jetson Distance:0 Offset:0 Angle:0 Sensors dist: 8190, 8190, 8190, 8190
Jetson Distance:0 Offset:0 Angle:0 Sensors dist: 8190, 8190, 8190, 8190
Jetson Distance:0 Offset:0 Angle:0 Sensors dist: 8190, 8190, 8190, 8190
Jetson Distance:0 Offset:0 Angle:0 Sensors dist: 8190, 8190, 8190, 8190
Jetson Distance:0 Offset:0 Angle:0 Sensors dist: 8190, 8190, 8190, 8190
Jetson Distance:0 Offset:0 Angle:0 Sensors dist: 8190, 8190, 8190, 8190
Jetson Distance:0 Offset:0 Angle:0 Sensors dist: 8190, 8190, 8190, 8190
Jetson Distance:0 Offset:0 Angle:0 Sensors dist: 8190, 8190, 8190, 8190
Jetson Distance:0 Offset:0 Angle:0 Sensors dist: 8190, 8190, 8190, 8190
Jetson Distance:0 Offset:0 Angle:0 Sensors dist: 8190, 8190, 8190, 8190
Jetson Distance:0 Offset:0 Angle:0 Sensors dist: 8190, 8190, 8190, 8190
Jetson Distance:0 Offset:0 Angle:0 Sensors dist: 8190, 8190, 8190, 8190
Jetson Distance:0 Offset:0 Angle:0 Sensors dist: 8190, 8190, 8190, 8190
Jetson Distance:0 Offset:0 Angle:0 Sensors dist: 8190, 8190, 8190, 8190
Jetson Distance:0 Offset:0 Angle:0 Sensors dist: 8190, 8190, 8190, 8190
Jetson Distance:0 Offset:0 Angle:0 Sensors dist: 8190, 8190, 8190, 8190
Jetson Distance:0 Offset:0 Angle:0 Sensors dist: 8190, 8190, 8190, 8190
Jetson Distance:0 Offset:0 Angle:0 Sensors dist: 8190, 8190, 8190, 8190
Jetson Distance:0 Offset:0 Angle:0 Sensors dist: 8190, 8190, 8190, 8190
Jetson Distance:0 Offset:0 Angle:0 Sensors dist: 8190, 8190, 8190, 8190
Jetson Distance:0 Offset:0 Angle:0 Sensors dist: 8190, 8190, 8190, 8190
Jetson Distance:0 Offset:0 Angle:0 Sensors dist: 8190, 8190, 8190, 8190
Jetson Distance:0 Offset:0 Angle:0 Sensors dist: 8190, 8190, 8190, 8190
Jetson Distance:0 Offset:0 Angle:0 Sensors dist: 8190, 8190, 8190, 8190
Jetson Distance:0 Offset:0 Angle:0 Sensors dist: 8190, 8190, 8190, 8190
Jetson Distance:0 Offset:0 Angle:0 Sensors dist: 8190, 8190, 8190, 8190
Jetson Distance:0 Offset:0 Angle:0 Sensors dist: 8190, 8190, 8190, 8190
Jetson Distance:0 Offset:0 Angle:0 Sensors dist: 8190, 8190, 8190, 8190
Jetson Distance:0 Offset:0 Angle:0 Sensors dist: 8190, 8190, 8190, 8190
Jetson Distance:0 Offset:0 Angle:0 Sensors dist: 8190, 8190, 8190, 8190
Jetson Distance:0 Offset:0 Angle:0 Sensors dist: 8190, 8190, 8190, 8190
Jetson Distance:0 Offset:0 Angle:0 Sensors dist: 8190, 8190, 8190, 8190
Jetson Distance:0 Offset:0 Angle:0 Sensors dist: 8190, 8190, 8190, 8190
Jetson Distance:0 Offset:0 Angle:0 Sensors dist: 8190, 8190, 8190, 8190
Jetson Distance:0 Offset:0 Angle:0 Sensors dist: 8190, 8190, 8190, 8190
Jetson Distance:0 Offset:0 Angle:0 Sensors dist: 8190, 8190, 8190, 8190
Jetson Distance:0 Offset:0 Angle:0 Sensors dist: 8190, 8190, 8190, 8190
Jetson Distance:0 Offset:0 Angle:0 Sensors dist: 8190, 8190, 8190, 8190
Jetson Distance:0 Offset:0 Angle:0 Sensors dist: 8190, 8190, 8190, 8190
Jetson Distance:0 Offset:0 Angle:0 Sensors dist: 8190, 8190, 8190, 8190
Jetson Distance:0 Offset:0 Angle:0 Sensors dist: 8190, 8190, 8190, 8190
Jetson Distance:0 Offset:0 Angle:0 Sensors dist: 8190, 8190, 8190, 8190
Jetson Distance:0 Offset:0 Angle:0 Sensors dist: 8190, 8190, 8190, 8190
Jetson Distance:0 Offset:0 Angle:0 Sensors dist: 8190, 8190, 8190, 8190
Jetson Distance:0 Offset:0 Angle:0 Sensors dist: 8190, 8190, 8190, 8190
Jetson Distance:0 Offset:0 Angle:0 Sensors dist: 8190, 8190, 8190, 8190
Jetson Distance:0 Offset:0 Angle:0 Sensors dist: 8190, 8190, 8190, 8190
Jetson Distance:0 Offset:0 Angle:0 Sensors dist: 8190, 8190, 8190, 8190
Jetson Distance:0 Offset:0 Angle:0 Sensors dist: 8190, 8190, 8190, 8190
Jetson Distance:0 Offset:0 Angle:0 Sensors dist: 8190, 8190, 8190, 8190
Jetson Distance:0 Offset:0 Angle:0 Sensors dist: 8190, 8190, 8190, 8190
Jetson Distance:0 Offset:0 Angle:0 Sensors dist: 8190, 8190, 8190, 8190
Jetson Distance:0 Offset:0 Angle:0 Sensors dist: 8190, 8190, 8190, 8190
Jetson Distance:0 Offset:0 Angle:0 Sensors dist: 8190, 8190, 8190, 8190
Jetson Distance:0 Offset:0 Angle:0 Sensors dist: 8190, 8190, 8190, 8190
Jetson Distance:0 Offset:0 Angle:0 Sensors dist: 8190, 8190, 8190, 8190
Jetson Distance:0 Offset:0 Angle:0 Sensors dist: 8190, 8190, 8190, 8190
Jetson Distance:0 Offset:0 Angle:0 Sensors dist: 8190, 8190, 8190, 8190
Jetson Distance:0 Offset:0 Angle:0 Sensors dist: 8190, 8190, 8190, 8190
Jetson Distance:0 Offset:0 Angle:0 Sensors dist: 8190, 8190, 8190, 8190
Jetson Distance:0 Offset:0 Angle:0 Sensors dist: 8190, 8190, 8190, 8190
Jetson Distance:0 Offset:0 Angle:0 Sensors dist: 8190, 8190, 8190, 8190
Jetson Distance:0 Offset:0 Angle:0 Sensors dist: 8190, 8190, 8190, 8190
Jetson Distance:0 Offset:0 Angle:0 Sensors dist: 8190, 8190, 8190, 8190
Jetson Distance:0 Offset:0 Angle:0 Sensors dist: 8190, 8190, 8190, 8190
Jetson Distance:0 Offset:0 Angle:0 Sensors dist: 8190, 8190, 8190, 8190
Jetson Distance:0 Offset:0 Angle:0 Sensors dist: 8190, 8190, 8190, 8190
Jetson Distance:0 Offset:0 Angle:0 Sensors dist: 8190, 8190, 8190, 8190
Jetson Distance:0 Offset:0 Angle:0 Sensors dist: 8190, 8190, 8190, 8190
Jetson Distance:0 Offset:0 Angle:0 Sensors dist: 8190, 8190, 8190, 8190
Jetson Distance:0 Offset:0 Angle:0 Sensors dist: 8190, 8190, 8190, 8190
Jetson Distance:0 Offset:0 Angle:0 Sensors dist: 8190, 8190, 8190, 8190
Jetson Distance:0 Offset:0 Angle:0 Sensors dist: 8190, 8190, 8190, 8190
Jetson Distance:0 Offset:0 Angle:0 Sensors dist: 8190, 8190, 8190, 8190
Jetson Distance:0 Offset:0 Angle:0 Sensors dist: 8190, 8190, 8190, 8190
Jetson Distance:0 Offset:0 Angle:0 Sensors dist: 8190, 8190, 8190, 8190
Jetson Distance:0 Offset:0 Angle:0 Sensors dist: 8190, 8190, 8190, 8190
Jetson Distance:0 Offset:0 Angle:0 Sensors dist: 8190, 8190, 8190, 8190
Jetson Distance:0 Offset:0 Angle:0 Sensors dist: 8190, 8190, 8190, 8190
Jetson Distance:0 Offset:0 Angle:0 Sensors dist: 8190, 8190, 8190, 8190
Jetson Distance:0 Offset:0 Angle:0 Sensors dist: 8190, 8190, 8190, 8190
Jetson Distance:0 Offset:0 Angle:0 Sensors dist: 8190, 8190, 8190, 8190
Jetson Distance:0 Offset:0 Angle:0 Sensors dist: 8190, 8190, 8190, 8190
Jetson Distance:0 Offset:0 Angle:0 Sensors dist: 8190, 8190, 8190, 8190
Jetson Distance:0 Offset:0 Angle:0 Sensors dist: 8190, 8190, 8190, 8190
Jetson Distance:0 Offset:0 Angle:0 Sensors dist: 8190, 8190, 8190, 8190
Jetson Distance:0 Offset:0 Angle:0 Sensors dist: 8190, 8190, 8190, 8190
Jetson Distance:0 Offset:0 Angle:0 Sensors dist: 8190, 8190, 8190, 8190
Jetson Distance:0 Offset:0 Angle:0 Sensors dist: 8190, 8190, 8190, 8190
Jetson Distance:0 Offset:0 Angle:0 Sensors dist: 8190, 8190, 8190, 8190
Jetson Distance:0 Offset:0 Angle:0 Sensors dist: 8190, 8190, 8190, 8190
Jetson Distance:0 Offset:0 Angle:0 Sensors dist: 8190, 8190, 8190, 8190
Jetson Distance:0 Offset:0 Angle:0 Sensors dist: 8190, 8190, 8190, 8190
Jetson Distance:0 Offset:0 Angle:0 Sensors dist: 8190, 8190, 8190, 8190
